{"name":"1668422851","hostname":"BRILAP3418","pid":19312,"level":20,"msg":"Sync server version: 1.3.8 2022-02-25 10:58:11 -0600 50659ecda06a8b79a41f24c1fdff05187324402b","time":"2022-11-14T10:47:30.889Z","v":0}
{"name":"1668422851","hostname":"BRILAP3418","pid":19312,"level":30,"msg":"Acquiring actors for session 1668422851: ACTOR1","time":"2022-11-14T10:47:30.918Z","v":0}
{"name":"1668422851","hostname":"BRILAP3418","pid":19312,"level":30,"msg":"Session 1668422851 with label \"Mcd1\" started at 2022-11-14 10:47:30 UTC","time":"2022-11-14T10:47:30.937Z","v":0}
{"name":"1668422851","hostname":"BRILAP3418","pid":19312,"level":30,"actorType":"ACTOR1","actorId":"12118","time":"2022-11-14T10:47:33.6132835Z","msg":"Actor 12118 of type ACTOR1 was acquired by test session 1668422851","v":0}
{"name":"1668422851","hostname":"BRILAP3418","pid":19312,"level":20,"actorType":"ACTOR1","actorId":"12118","time":"2022-11-14T10:47:33.6559987Z","msg":"DEBUG: Test actor JAR versions:","v":0}
{"name":"1668422851","hostname":"BRILAP3418","pid":19312,"level":20,"actorType":"ACTOR1","actorId":"12118","time":"2022-11-14T10:47:33.6600083Z","msg":"DEBUG:   opentest-appium-0.0.1.jar: 2022-02-25 10:58 -0600 0.0.1-50659ecda06a8b79a41f24c1fdff05187324402b-dirty","v":0}
{"name":"1668422851","hostname":"BRILAP3418","pid":19312,"level":20,"actorType":"ACTOR1","actorId":"12118","time":"2022-11-14T10:47:33.6619703Z","msg":"DEBUG:   opentest-base-0.0.1.jar: 2022-02-25 10:58 -0600 0.0.1-50659ecda06a8b79a41f24c1fdff05187324402b-dirty","v":0}
{"name":"1668422851","hostname":"BRILAP3418","pid":19312,"level":20,"actorType":"ACTOR1","actorId":"12118","time":"2022-11-14T10:47:33.6629673Z","msg":"DEBUG:   opentest-selenium-0.0.1.jar: 2022-02-25 10:58 -0600 0.0.1-50659ecda06a8b79a41f24c1fdff05187324402b-dirty","v":0}
{"name":"1668422851","hostname":"BRILAP3418","pid":19312,"level":40,"actorType":"ACTOR1","actorId":"12118","time":"2022-11-14T10:47:33.6650856Z","msg":"WARN: Failed to log extension JARs","v":0}
{"name":"1668422851","hostname":"BRILAP3418","pid":19312,"level":10,"actorType":"ACTOR1","actorId":"12118","time":"2022-11-14T10:47:33.6657412Z","msg":"TRACE: Firing SESSION_STARTED event...","v":0}
{"name":"1668422851","hostname":"BRILAP3418","pid":19312,"level":30,"actorType":"ACTOR1","actorId":"12118","time":"2022-11-14T10:47:33.9142279Z","msg":"==================== ACTOR1: web/Order Fires and  Sides ====================","v":0}
{"name":"1668422851","hostname":"BRILAP3418","pid":19312,"level":30,"actorType":"ACTOR1","actorId":"12118","time":"2022-11-14T10:47:33.9152237Z","msg":"Actor ACTOR1 started executing test web/Order Fires and  Sides...","v":0}
{"name":"1668422851","hostname":"BRILAP3418","pid":19312,"level":10,"actorType":"ACTOR1","actorId":"12118","time":"2022-11-14T10:47:33.916219Z","msg":"TRACE: Firing TEST_STARTED event...","v":0}
{"name":"1668422851","hostname":"BRILAP3418","pid":19312,"level":30,"actorType":"ACTOR1","actorId":"12118","time":"2022-11-14T10:47:34.0223904Z","msg":"Executing segment 1 of test web/Order Fires and  Sides...","v":0}
{"name":"1668422851","hostname":"BRILAP3418","pid":19312,"level":30,"actorType":"ACTOR1","actorId":"12118","time":"2022-11-14T10:47:34.0333518Z","msg":"Evaluating action 1/6 (OurMenu) in segment 1...","v":0}
{"name":"1668422851","hostname":"BRILAP3418","pid":19312,"level":30,"actorType":"ACTOR1","actorId":"12118","time":"2022-11-14T10:47:34.1006374Z","msg":"Executing macro OurMenu (no arguments were provided)...","v":0}
{"name":"1668422851","hostname":"BRILAP3418","pid":19312,"level":30,"actorType":"ACTOR1","actorId":"12118","time":"2022-11-14T10:47:34.1016341Z","msg":"Evaluating action 1/2 in macro OurMenu (Mcdonalds fast food ordering)...","v":0}
{"name":"1668422851","hostname":"BRILAP3418","pid":19312,"level":10,"actorType":"ACTOR1","actorId":"12118","time":"2022-11-14T10:47:34.2574939Z","msg":"TRACE: Initializing action org.getopentest.selenium.NavigateTo...","v":0}
{"name":"1668422851","hostname":"BRILAP3418","pid":19312,"level":30,"actorType":"ACTOR1","actorId":"12118","time":"2022-11-14T10:47:34.2636262Z","msg":"Loading configuration from \"C:\\Users\\Mohammed.Ahamed\\BrilMcDPractice\\opentest\\actor1\\actor.yaml\"","v":0}
{"name":"1668422851","hostname":"BRILAP3418","pid":19312,"level":30,"actorType":"ACTOR1","actorId":"12118","time":"2022-11-14T10:47:34.27704Z","msg":"Using local Selenium server","v":0}
{"name":"1668422851","hostname":"BRILAP3418","pid":19312,"level":10,"actorType":"ACTOR1","actorId":"12118","time":"2022-11-14T10:47:34.2824206Z","msg":"TRACE: Setting system property \"webdriver.chrome.driver\" to \"C:/Selenium/chromedriver.exe\"","v":0}
{"name":"1668422851","hostname":"BRILAP3418","pid":19312,"level":30,"actorType":"ACTOR1","actorId":"12118","time":"2022-11-14T10:47:42.2808845Z","msg":"Executing action org.getopentest.selenium.NavigateTo with arguments {\"url\":\"https://www.mcdonalds.com/us/en-us.html\"}...","v":0}
{"name":"1668422851","hostname":"BRILAP3418","pid":19312,"level":30,"actorType":"ACTOR1","actorId":"12118","time":"2022-11-14T10:48:02.1753741Z","msg":"Evaluating action 2/2 in macro OurMenu (Click on OurMenu drop down)...","v":0}
{"name":"1668422851","hostname":"BRILAP3418","pid":19312,"level":10,"actorType":"ACTOR1","actorId":"12118","time":"2022-11-14T10:48:02.2546258Z","msg":"TRACE: Initializing action org.getopentest.selenium.Click...","v":0}
{"name":"1668422851","hostname":"BRILAP3418","pid":19312,"level":30,"actorType":"ACTOR1","actorId":"12118","time":"2022-11-14T10:48:02.2612784Z","msg":"Executing action org.getopentest.selenium.Click with arguments {\"locator\":{\"xpath\":\"//button[@aria-controls='ourMenuSubItemsList_desktop']\"}}...","v":0}
{"name":"1668422851","hostname":"BRILAP3418","pid":19312,"level":30,"actorType":"ACTOR1","actorId":"12118","time":"2022-11-14T10:48:02.7793033Z","msg":"Evaluating action 2/6 (org.getopentest.selenium.Click) in segment 1 (Click on FiresAndSide hyperlink)...","v":0}
{"name":"1668422851","hostname":"BRILAP3418","pid":19312,"level":10,"actorType":"ACTOR1","actorId":"12118","time":"2022-11-14T10:48:02.8011215Z","msg":"TRACE: Initializing action org.getopentest.selenium.Click...","v":0}
{"name":"1668422851","hostname":"BRILAP3418","pid":19312,"level":30,"actorType":"ACTOR1","actorId":"12118","time":"2022-11-14T10:48:02.8031145Z","msg":"Executing action org.getopentest.selenium.Click with arguments {\"locator\":{\"xpath\":\"//div[@id='ourMenuSubItemsList_desktop']//span[@class='menu-text'][text()='Fries® & Sides']\"}}...","v":0}
{"name":"1668422851","hostname":"BRILAP3418","pid":19312,"level":30,"actorType":"ACTOR1","actorId":"12118","time":"2022-11-14T10:48:08.7258162Z","msg":"Evaluating action 3/6 (org.getopentest.selenium.Click) in segment 1 (To Close Cookies popup)...","v":0}
{"name":"1668422851","hostname":"BRILAP3418","pid":19312,"level":10,"actorType":"ACTOR1","actorId":"12118","time":"2022-11-14T10:48:08.72965Z","msg":"TRACE: Initializing action org.getopentest.selenium.Click...","v":0}
{"name":"1668422851","hostname":"BRILAP3418","pid":19312,"level":30,"actorType":"ACTOR1","actorId":"12118","time":"2022-11-14T10:48:08.7386306Z","msg":"Executing action org.getopentest.selenium.Click with arguments {\"locator\":{\"xpath\":\"//div[@id='onetrust-close-btn-container']/button\"}}...","v":0}
{"name":"1668422851","hostname":"BRILAP3418","pid":19312,"level":30,"actorType":"ACTOR1","actorId":"12118","time":"2022-11-14T10:48:09.2567153Z","msg":"Evaluating action 4/6 (Scroll) in segment 1...","v":0}
{"name":"1668422851","hostname":"BRILAP3418","pid":19312,"level":30,"actorType":"ACTOR1","actorId":"12118","time":"2022-11-14T10:48:09.3297988Z","msg":"Executing macro Scroll with arguments {\"locator\":{\"xpath\":\"//div[@id='product-category-e90ee6e60b-5d087c01d0_name']\"}}...","v":0}
{"name":"1668422851","hostname":"BRILAP3418","pid":19312,"level":30,"actorType":"ACTOR1","actorId":"12118","time":"2022-11-14T10:48:09.3401199Z","msg":"Evaluating action 1/1 in macro Scroll (Move the mouse to product 1 element)...","v":0}
{"name":"1668422851","hostname":"BRILAP3418","pid":19312,"level":10,"actorType":"ACTOR1","actorId":"12118","time":"2022-11-14T10:48:09.3421635Z","msg":"TRACE: Initializing action org.getopentest.selenium.ActionsMoveTo...","v":0}
{"name":"1668422851","hostname":"BRILAP3418","pid":19312,"level":30,"actorType":"ACTOR1","actorId":"12118","time":"2022-11-14T10:48:09.3461093Z","msg":"Executing action org.getopentest.selenium.ActionsMoveTo (no arguments were provided)...","v":0}
{"name":"1668422851","hostname":"BRILAP3418","pid":19312,"level":30,"actorType":"ACTOR1","actorId":"12118","time":"2022-11-14T10:48:11.0039276Z","msg":"Captured screenshot at C:\\Users\\Mohammed.Ahamed\\BrilMcDPractice\\opentest\\actor1\\out\\screenshots\\SID1668422851_ACTOR1_T01_SG01_ST04_error.png","v":0}
{"name":"1668422851","hostname":"BRILAP3418","pid":19312,"level":50,"actorType":"ACTOR1","actorId":"12118","time":"2022-11-14T10:48:11.0835036Z","msg":"ERROR: java.lang.Exception: Failed executing test web/Order Fires and  Sides, segment 1\r\n\tat org.getopentest.base.TestActor.executeTestSegment(TestActor.java:2208)\r\n\tat org.getopentest.base.TestActor.runOneSession(TestActor.java:3077)\r\n\tat org.getopentest.base.TestActor.runOneSession(TestActor.java:3113)\r\n\tat org.getopentest.Main.main(Main.java:20)\r\nCaused by: java.lang.RuntimeException: There was an error while executing action no. 4 (Scroll) in segment 1 of test web/Order Fires and  Sides.\nThe action definition was:\n{\n  \"action\": \"org.getopentest.base.MacroAction\",\n  \"args\": {\n    \"locator\": {\n      \"xpath\": \"//div[@id='product-category-e90ee6e60b-5d087c01d0_name']\"\n    }\n  },\n  \"macro\": \"Scroll\"\n}\r\n\tat org.getopentest.base.TestActor.executeTestSegment(TestActor.java:2142)\r\n\t... 3 more\r\nCaused by: java.lang.RuntimeException: Failed executing action org.getopentest.base.MacroAction with arguments {\"locator\":{\"xpath\":\"//div[@id='product-category-e90ee6e60b-5d087c01d0_name']\"}}\r\n\tat org.getopentest.base.TestActor.executeActionByDef(TestActor.java:1872)\r\n\tat org.getopentest.base.TestActor.executeTestSegment(TestActor.java:2092)\r\n\t... 3 more\r\nCaused by: java.lang.Exception: There was an error executing macro action Scroll with arguments {\"locator\":{\"xpath\":\"//div[@id='product-category-e90ee6e60b-5d087c01d0_name']\"}}\r\n\tat org.getopentest.base.TestActor.executeMacroActionByName(TestActor.java:2021)\r\n\tat org.getopentest.base.TestActor.executeActionByDef(TestActor.java:1745)\r\n\t... 4 more\r\nCaused by: java.lang.RuntimeException: There was an error while executing action no. 1 (org.getopentest.selenium.ActionsMoveTo) in macro Scroll.\nThe action definition was:\n{\n  \"action\": \"org.getopentest.selenium.ActionsMoveTo\",\n  \"description\": \"Move the mouse to product 1 element\"\n}\r\n\tat org.getopentest.base.TestActor.executeMacroActionByDef(TestActor.java:1973)\r\n\tat org.getopentest.base.TestActor.executeMacroActionByName(TestActor.java:2013)\r\n\t... 5 more\r\nCaused by: java.lang.RuntimeException: Failed executing action org.getopentest.selenium.ActionsMoveTo (no arguments were provided)\r\n\tat org.getopentest.base.TestActor.executeActionByDef(TestActor.java:1872)\r\n\tat org.getopentest.base.TestActor.executeMacroActionByDef(TestActor.java:1938)\r\n\t... 6 more\r\nCaused by: java.lang.RuntimeException: org.getopentest.exceptions.ArgumentException: Mandatory argument \"locator\" was not provided for action org.getopentest.selenium.ActionsMoveTo.\r\n\tat org.getopentest.base.TestActor.executeActionByClassName(TestActor.java:1670)\r\n\tat org.getopentest.base.TestActor.executeActionByDef(TestActor.java:1749)\r\n\t... 7 more\r\nCaused by: org.getopentest.exceptions.ArgumentException: Mandatory argument \"locator\" was not provided for action org.getopentest.selenium.ActionsMoveTo.\r\n\tat org.getopentest.base.TestAction.readArgument(TestAction.java:166)\r\n\tat org.getopentest.selenium.core.SeleniumTestAction.readLocatorArgument(SeleniumTestAction.java:233)\r\n\tat org.getopentest.selenium.ActionsMoveTo.run(ActionsMoveTo.java:13)\r\n\tat org.getopentest.base.TestActor.executeAction(TestActor.java:1571)\r\n\tat org.getopentest.base.TestActor.executeActionByClassName(TestActor.java:1647)\r\n\t... 8 more\r\n","v":0}
{"name":"1668422851","hostname":"BRILAP3418","pid":19312,"level":10,"actorType":"ACTOR1","actorId":"12118","time":"2022-11-14T10:48:11.6117695Z","msg":"TRACE: Firing TEST_COMPLETED event...","v":0}
{"name":"1668422851","hostname":"BRILAP3418","pid":19312,"level":20,"actorType":"ACTOR1","actorId":"12118","time":"2022-11-14T10:48:11.6476991Z","msg":"DEBUG: The browser log entries were: \n >>>>> LEVEL: WARNING | TIMESTAMP: 1668422881545 | MESSAGE: https://maps.google.com/maps-api-v3/api/js/49/12/util.js 243:27 \"Google Maps JavaScript API warning: RetiredVersion https://developers.google.com/maps/documentation/javascript/error-messages#retired-version\" >>>>> LEVEL: SEVERE | TIMESTAMP: 1668422889546 | MESSAGE: https://schema.milestoneinternet.com/schema/mcdonalds.com/us/en-us/full-menu/fries-sides.html/schema.json?t=57551 - Failed to load resource: the server responded with a status of 404 () >>>>> LEVEL: WARNING | TIMESTAMP: 1668422889950 | MESSAGE: https://maps.google.com/maps-api-v3/api/js/49/12/util.js 243:27 \"Google Maps JavaScript API warning: RetiredVersion https://developers.google.com/maps/documentation/javascript/error-messages#retired-version\"","v":0}
{"name":"1668422851","hostname":"BRILAP3418","pid":19312,"level":30,"actorType":"ACTOR1","actorId":"12118","time":"2022-11-14T10:48:13.2562717Z","msg":"==================== ACTOR1: web/Order Sweets and Treats ====================","v":0}
{"name":"1668422851","hostname":"BRILAP3418","pid":19312,"level":30,"actorType":"ACTOR1","actorId":"12118","time":"2022-11-14T10:48:13.2582625Z","msg":"Actor ACTOR1 started executing test web/Order Sweets and Treats...","v":0}
{"name":"1668422851","hostname":"BRILAP3418","pid":19312,"level":10,"actorType":"ACTOR1","actorId":"12118","time":"2022-11-14T10:48:13.2594704Z","msg":"TRACE: Firing TEST_STARTED event...","v":0}
{"name":"1668422851","hostname":"BRILAP3418","pid":19312,"level":30,"actorType":"ACTOR1","actorId":"12118","time":"2022-11-14T10:48:13.4015641Z","msg":"Executing segment 1 of test web/Order Sweets and Treats...","v":0}
{"name":"1668422851","hostname":"BRILAP3418","pid":19312,"level":30,"actorType":"ACTOR1","actorId":"12118","time":"2022-11-14T10:48:13.4038564Z","msg":"Evaluating action 1/6 (OurMenu) in segment 1...","v":0}
{"name":"1668422851","hostname":"BRILAP3418","pid":19312,"level":30,"actorType":"ACTOR1","actorId":"12118","time":"2022-11-14T10:48:13.4094587Z","msg":"Executing macro OurMenu (no arguments were provided)...","v":0}
{"name":"1668422851","hostname":"BRILAP3418","pid":19312,"level":30,"actorType":"ACTOR1","actorId":"12118","time":"2022-11-14T10:48:13.410454Z","msg":"Evaluating action 1/2 in macro OurMenu (Mcdonalds fast food ordering)...","v":0}
{"name":"1668422851","hostname":"BRILAP3418","pid":19312,"level":10,"actorType":"ACTOR1","actorId":"12118","time":"2022-11-14T10:48:13.4267336Z","msg":"TRACE: Initializing action org.getopentest.selenium.NavigateTo...","v":0}
{"name":"1668422851","hostname":"BRILAP3418","pid":19312,"level":30,"actorType":"ACTOR1","actorId":"12118","time":"2022-11-14T10:48:13.4284072Z","msg":"Using local Selenium server","v":0}
{"name":"1668422851","hostname":"BRILAP3418","pid":19312,"level":10,"actorType":"ACTOR1","actorId":"12118","time":"2022-11-14T10:48:13.4413708Z","msg":"TRACE: Setting system property \"webdriver.chrome.driver\" to \"C:/Selenium/chromedriver.exe\"","v":0}
{"name":"1668422851","hostname":"BRILAP3418","pid":19312,"level":30,"actorType":"ACTOR1","actorId":"12118","time":"2022-11-14T10:48:18.8378974Z","msg":"Executing action org.getopentest.selenium.NavigateTo with arguments {\"url\":\"https://www.mcdonalds.com/us/en-us.html\"}...","v":0}
{"name":"1668422851","hostname":"BRILAP3418","pid":19312,"level":30,"actorType":"ACTOR1","actorId":"12118","time":"2022-11-14T10:48:23.781964Z","msg":"Evaluating action 2/2 in macro OurMenu (Click on OurMenu drop down)...","v":0}
{"name":"1668422851","hostname":"BRILAP3418","pid":19312,"level":10,"actorType":"ACTOR1","actorId":"12118","time":"2022-11-14T10:48:23.8038789Z","msg":"TRACE: Initializing action org.getopentest.selenium.Click...","v":0}
{"name":"1668422851","hostname":"BRILAP3418","pid":19312,"level":30,"actorType":"ACTOR1","actorId":"12118","time":"2022-11-14T10:48:23.8070264Z","msg":"Executing action org.getopentest.selenium.Click with arguments {\"locator\":{\"xpath\":\"//button[@aria-controls='ourMenuSubItemsList_desktop']\"}}...","v":0}
{"name":"1668422851","hostname":"BRILAP3418","pid":19312,"level":30,"actorType":"ACTOR1","actorId":"12118","time":"2022-11-14T10:48:24.2495828Z","msg":"Evaluating action 2/6 (org.getopentest.selenium.Click) in segment 1 (Click on SweetsAndTreats hyperlink)...","v":0}
{"name":"1668422851","hostname":"BRILAP3418","pid":19312,"level":10,"actorType":"ACTOR1","actorId":"12118","time":"2022-11-14T10:48:24.2651064Z","msg":"TRACE: Initializing action org.getopentest.selenium.Click...","v":0}
{"name":"1668422851","hostname":"BRILAP3418","pid":19312,"level":30,"actorType":"ACTOR1","actorId":"12118","time":"2022-11-14T10:48:24.2661019Z","msg":"Executing action org.getopentest.selenium.Click with arguments {\"locator\":{\"xpath\":\"//div[@id='ourMenuSubItemsList_desktop']//span[@class='menu-text'][text()='Sweets & Treats']\"}}...","v":0}
{"name":"1668422851","hostname":"BRILAP3418","pid":19312,"level":30,"actorType":"ACTOR1","actorId":"12118","time":"2022-11-14T10:48:27.4637208Z","msg":"Evaluating action 3/6 (org.getopentest.selenium.Click) in segment 1 (To Close Cookies popup)...","v":0}
{"name":"1668422851","hostname":"BRILAP3418","pid":19312,"level":10,"actorType":"ACTOR1","actorId":"12118","time":"2022-11-14T10:48:27.4657147Z","msg":"TRACE: Initializing action org.getopentest.selenium.Click...","v":0}
{"name":"1668422851","hostname":"BRILAP3418","pid":19312,"level":30,"actorType":"ACTOR1","actorId":"12118","time":"2022-11-14T10:48:27.4667105Z","msg":"Executing action org.getopentest.selenium.Click with arguments {\"locator\":{\"xpath\":\"//div[@id='onetrust-close-btn-container']/button\"}}...","v":0}
{"name":"1668422851","hostname":"BRILAP3418","pid":19312,"level":30,"actorType":"ACTOR1","actorId":"12118","time":"2022-11-14T10:48:27.8058Z","msg":"Evaluating action 4/6 (Scroll) in segment 1...","v":0}
{"name":"1668422851","hostname":"BRILAP3418","pid":19312,"level":30,"actorType":"ACTOR1","actorId":"12118","time":"2022-11-14T10:48:27.8203779Z","msg":"Executing macro Scroll with arguments {\"locator\":{\"xpath\":\"//img[@id='product-category-f7e34a9e55-df295ff5ab_image']\"}}...","v":0}
{"name":"1668422851","hostname":"BRILAP3418","pid":19312,"level":30,"actorType":"ACTOR1","actorId":"12118","time":"2022-11-14T10:48:27.8243684Z","msg":"Evaluating action 1/1 in macro Scroll (Move the mouse to product 1 element)...","v":0}
{"name":"1668422851","hostname":"BRILAP3418","pid":19312,"level":10,"actorType":"ACTOR1","actorId":"12118","time":"2022-11-14T10:48:27.8375891Z","msg":"TRACE: Initializing action org.getopentest.selenium.ActionsMoveTo...","v":0}
{"name":"1668422851","hostname":"BRILAP3418","pid":19312,"level":30,"actorType":"ACTOR1","actorId":"12118","time":"2022-11-14T10:48:27.8445754Z","msg":"Executing action org.getopentest.selenium.ActionsMoveTo (no arguments were provided)...","v":0}
{"name":"1668422851","hostname":"BRILAP3418","pid":19312,"level":30,"actorType":"ACTOR1","actorId":"12118","time":"2022-11-14T10:48:29.3727317Z","msg":"Captured screenshot at C:\\Users\\Mohammed.Ahamed\\BrilMcDPractice\\opentest\\actor1\\out\\screenshots\\SID1668422851_ACTOR1_T02_SG01_ST04_error.png","v":0}
{"name":"1668422851","hostname":"BRILAP3418","pid":19312,"level":50,"actorType":"ACTOR1","actorId":"12118","time":"2022-11-14T10:48:29.4273928Z","msg":"ERROR: java.lang.Exception: Failed executing test web/Order Sweets and Treats, segment 1\r\n\tat org.getopentest.base.TestActor.executeTestSegment(TestActor.java:2208)\r\n\tat org.getopentest.base.TestActor.runOneSession(TestActor.java:3077)\r\n\tat org.getopentest.base.TestActor.runOneSession(TestActor.java:3113)\r\n\tat org.getopentest.Main.main(Main.java:20)\r\nCaused by: java.lang.RuntimeException: There was an error while executing action no. 4 (Scroll) in segment 1 of test web/Order Sweets and Treats.\nThe action definition was:\n{\n  \"action\": \"org.getopentest.base.MacroAction\",\n  \"args\": {\n    \"locator\": {\n      \"xpath\": \"//img[@id='product-category-f7e34a9e55-df295ff5ab_image']\"\n    }\n  },\n  \"macro\": \"Scroll\"\n}\r\n\tat org.getopentest.base.TestActor.executeTestSegment(TestActor.java:2142)\r\n\t... 3 more\r\nCaused by: java.lang.RuntimeException: Failed executing action org.getopentest.base.MacroAction with arguments {\"locator\":{\"xpath\":\"//img[@id='product-category-f7e34a9e55-df295ff5ab_image']\"}}\r\n\tat org.getopentest.base.TestActor.executeActionByDef(TestActor.java:1872)\r\n\tat org.getopentest.base.TestActor.executeTestSegment(TestActor.java:2092)\r\n\t... 3 more\r\nCaused by: java.lang.Exception: There was an error executing macro action Scroll with arguments {\"locator\":{\"xpath\":\"//img[@id='product-category-f7e34a9e55-df295ff5ab_image']\"}}\r\n\tat org.getopentest.base.TestActor.executeMacroActionByName(TestActor.java:2021)\r\n\tat org.getopentest.base.TestActor.executeActionByDef(TestActor.java:1745)\r\n\t... 4 more\r\nCaused by: java.lang.RuntimeException: There was an error while executing action no. 1 (org.getopentest.selenium.ActionsMoveTo) in macro Scroll.\nThe action definition was:\n{\n  \"action\": \"org.getopentest.selenium.ActionsMoveTo\",\n  \"description\": \"Move the mouse to product 1 element\"\n}\r\n\tat org.getopentest.base.TestActor.executeMacroActionByDef(TestActor.java:1973)\r\n\tat org.getopentest.base.TestActor.executeMacroActionByName(TestActor.java:2013)\r\n\t... 5 more\r\nCaused by: java.lang.RuntimeException: Failed executing action org.getopentest.selenium.ActionsMoveTo (no arguments were provided)\r\n\tat org.getopentest.base.TestActor.executeActionByDef(TestActor.java:1872)\r\n\tat org.getopentest.base.TestActor.executeMacroActionByDef(TestActor.java:1938)\r\n\t... 6 more\r\nCaused by: java.lang.RuntimeException: org.getopentest.exceptions.ArgumentException: Mandatory argument \"locator\" was not provided for action org.getopentest.selenium.ActionsMoveTo.\r\n\tat org.getopentest.base.TestActor.executeActionByClassName(TestActor.java:1670)\r\n\tat org.getopentest.base.TestActor.executeActionByDef(TestActor.java:1749)\r\n\t... 7 more\r\nCaused by: org.getopentest.exceptions.ArgumentException: Mandatory argument \"locator\" was not provided for action org.getopentest.selenium.ActionsMoveTo.\r\n\tat org.getopentest.base.TestAction.readArgument(TestAction.java:166)\r\n\tat org.getopentest.selenium.core.SeleniumTestAction.readLocatorArgument(SeleniumTestAction.java:233)\r\n\tat org.getopentest.selenium.ActionsMoveTo.run(ActionsMoveTo.java:13)\r\n\tat org.getopentest.base.TestActor.executeAction(TestActor.java:1571)\r\n\tat org.getopentest.base.TestActor.executeActionByClassName(TestActor.java:1647)\r\n\t... 8 more\r\n","v":0}
{"name":"1668422851","hostname":"BRILAP3418","pid":19312,"level":10,"actorType":"ACTOR1","actorId":"12118","time":"2022-11-14T10:48:29.9635375Z","msg":"TRACE: Firing TEST_COMPLETED event...","v":0}
{"name":"1668422851","hostname":"BRILAP3418","pid":19312,"level":20,"actorType":"ACTOR1","actorId":"12118","time":"2022-11-14T10:48:29.973969Z","msg":"DEBUG: The browser log entries were: \n >>>>> LEVEL: SEVERE | TIMESTAMP: 1668422908420 | MESSAGE: https://schema.milestoneinternet.com/schema/mcdonalds.com/us/en-us/full-menu/sweets-treats.html/schema.json?t=111 - Failed to load resource: the server responded with a status of 404 ()","v":0}
{"name":"1668422851","hostname":"BRILAP3418","pid":19312,"level":30,"actorType":"ACTOR1","actorId":"12118","time":"2022-11-14T10:48:31.5675481Z","msg":"==================== ACTOR1: web/Order a Burger ====================","v":0}
{"name":"1668422851","hostname":"BRILAP3418","pid":19312,"level":30,"actorType":"ACTOR1","actorId":"12118","time":"2022-11-14T10:48:31.5690743Z","msg":"Actor ACTOR1 started executing test web/Order a Burger...","v":0}
{"name":"1668422851","hostname":"BRILAP3418","pid":19312,"level":10,"actorType":"ACTOR1","actorId":"12118","time":"2022-11-14T10:48:31.5700723Z","msg":"TRACE: Firing TEST_STARTED event...","v":0}
{"name":"1668422851","hostname":"BRILAP3418","pid":19312,"level":30,"actorType":"ACTOR1","actorId":"12118","time":"2022-11-14T10:48:31.6885986Z","msg":"Executing segment 1 of test web/Order a Burger...","v":0}
{"name":"1668422851","hostname":"BRILAP3418","pid":19312,"level":30,"actorType":"ACTOR1","actorId":"12118","time":"2022-11-14T10:48:31.6935865Z","msg":"Evaluating action 1/6 (OurMenu) in segment 1...","v":0}
{"name":"1668422851","hostname":"BRILAP3418","pid":19312,"level":30,"actorType":"ACTOR1","actorId":"12118","time":"2022-11-14T10:48:31.6975755Z","msg":"Executing macro OurMenu (no arguments were provided)...","v":0}
{"name":"1668422851","hostname":"BRILAP3418","pid":19312,"level":30,"actorType":"ACTOR1","actorId":"12118","time":"2022-11-14T10:48:31.6985736Z","msg":"Evaluating action 1/2 in macro OurMenu (Mcdonalds fast food ordering)...","v":0}
{"name":"1668422851","hostname":"BRILAP3418","pid":19312,"level":10,"actorType":"ACTOR1","actorId":"12118","time":"2022-11-14T10:48:31.7151494Z","msg":"TRACE: Initializing action org.getopentest.selenium.NavigateTo...","v":0}
{"name":"1668422851","hostname":"BRILAP3418","pid":19312,"level":30,"actorType":"ACTOR1","actorId":"12118","time":"2022-11-14T10:48:31.7212075Z","msg":"Using local Selenium server","v":0}
{"name":"1668422851","hostname":"BRILAP3418","pid":19312,"level":10,"actorType":"ACTOR1","actorId":"12118","time":"2022-11-14T10:48:31.725187Z","msg":"TRACE: Setting system property \"webdriver.chrome.driver\" to \"C:/Selenium/chromedriver.exe\"","v":0}
{"name":"1668422851","hostname":"BRILAP3418","pid":19312,"level":30,"actorType":"ACTOR1","actorId":"12118","time":"2022-11-14T10:48:38.9706876Z","msg":"Executing action org.getopentest.selenium.NavigateTo with arguments {\"url\":\"https://www.mcdonalds.com/us/en-us.html\"}...","v":0}
{"name":"1668422851","hostname":"BRILAP3418","pid":19312,"level":30,"actorType":"ACTOR1","actorId":"12118","time":"2022-11-14T10:48:44.4723941Z","msg":"Evaluating action 2/2 in macro OurMenu (Click on OurMenu drop down)...","v":0}
{"name":"1668422851","hostname":"BRILAP3418","pid":19312,"level":10,"actorType":"ACTOR1","actorId":"12118","time":"2022-11-14T10:48:44.4923098Z","msg":"TRACE: Initializing action org.getopentest.selenium.Click...","v":0}
{"name":"1668422851","hostname":"BRILAP3418","pid":19312,"level":30,"actorType":"ACTOR1","actorId":"12118","time":"2022-11-14T10:48:44.4953006Z","msg":"Executing action org.getopentest.selenium.Click with arguments {\"locator\":{\"xpath\":\"//button[@aria-controls='ourMenuSubItemsList_desktop']\"}}...","v":0}
{"name":"1668422851","hostname":"BRILAP3418","pid":19312,"level":30,"actorType":"ACTOR1","actorId":"12118","time":"2022-11-14T10:48:44.8702398Z","msg":"Evaluating action 2/6 (org.getopentest.selenium.Click) in segment 1 (Click on Burgers hyperlink)...","v":0}
{"name":"1668422851","hostname":"BRILAP3418","pid":19312,"level":10,"actorType":"ACTOR1","actorId":"12118","time":"2022-11-14T10:48:44.8882053Z","msg":"TRACE: Initializing action org.getopentest.selenium.Click...","v":0}
{"name":"1668422851","hostname":"BRILAP3418","pid":19312,"level":30,"actorType":"ACTOR1","actorId":"12118","time":"2022-11-14T10:48:44.8892123Z","msg":"Executing action org.getopentest.selenium.Click with arguments {\"locator\":{\"xpath\":\"//div[@id='ourMenuSubItemsList_desktop']//span[@class='menu-text'][text()='Burgers']\"}}...","v":0}
{"name":"1668422851","hostname":"BRILAP3418","pid":19312,"level":30,"actorType":"ACTOR1","actorId":"12118","time":"2022-11-14T10:49:00.2860703Z","msg":"Evaluating action 3/6 (org.getopentest.selenium.Click) in segment 1 (To Close Cookies popup)...","v":0}
{"name":"1668422851","hostname":"BRILAP3418","pid":19312,"level":10,"actorType":"ACTOR1","actorId":"12118","time":"2022-11-14T10:49:00.2880664Z","msg":"TRACE: Initializing action org.getopentest.selenium.Click...","v":0}
{"name":"1668422851","hostname":"BRILAP3418","pid":19312,"level":30,"actorType":"ACTOR1","actorId":"12118","time":"2022-11-14T10:49:00.2890635Z","msg":"Executing action org.getopentest.selenium.Click with arguments {\"locator\":{\"xpath\":\"//div[@id='onetrust-close-btn-container']/button\"}}...","v":0}
{"name":"1668422851","hostname":"BRILAP3418","pid":19312,"level":30,"actorType":"ACTOR1","actorId":"12118","time":"2022-11-14T10:49:00.6102612Z","msg":"Evaluating action 4/6 (Scroll) in segment 1...","v":0}
{"name":"1668422851","hostname":"BRILAP3418","pid":19312,"level":30,"actorType":"ACTOR1","actorId":"12118","time":"2022-11-14T10:49:00.6355112Z","msg":"Executing macro Scroll with arguments {\"locator\":{\"xpath\":\"//div[@id='product-category-5aa67698f9-fe26611caa_name']\"}}...","v":0}
{"name":"1668422851","hostname":"BRILAP3418","pid":19312,"level":30,"actorType":"ACTOR1","actorId":"12118","time":"2022-11-14T10:49:00.6489868Z","msg":"Evaluating action 1/1 in macro Scroll (Move the mouse to product 1 element)...","v":0}
{"name":"1668422851","hostname":"BRILAP3418","pid":19312,"level":10,"actorType":"ACTOR1","actorId":"12118","time":"2022-11-14T10:49:00.6594746Z","msg":"TRACE: Initializing action org.getopentest.selenium.ActionsMoveTo...","v":0}
{"name":"1668422851","hostname":"BRILAP3418","pid":19312,"level":30,"actorType":"ACTOR1","actorId":"12118","time":"2022-11-14T10:49:00.6605776Z","msg":"Executing action org.getopentest.selenium.ActionsMoveTo (no arguments were provided)...","v":0}
{"name":"1668422851","hostname":"BRILAP3418","pid":19312,"level":30,"actorType":"ACTOR1","actorId":"12118","time":"2022-11-14T10:49:02.3812682Z","msg":"Captured screenshot at C:\\Users\\Mohammed.Ahamed\\BrilMcDPractice\\opentest\\actor1\\out\\screenshots\\SID1668422851_ACTOR1_T03_SG01_ST04_error.png","v":0}
{"name":"1668422851","hostname":"BRILAP3418","pid":19312,"level":50,"actorType":"ACTOR1","actorId":"12118","time":"2022-11-14T10:49:02.4266486Z","msg":"ERROR: java.lang.Exception: Failed executing test web/Order a Burger, segment 1\r\n\tat org.getopentest.base.TestActor.executeTestSegment(TestActor.java:2208)\r\n\tat org.getopentest.base.TestActor.runOneSession(TestActor.java:3077)\r\n\tat org.getopentest.base.TestActor.runOneSession(TestActor.java:3113)\r\n\tat org.getopentest.Main.main(Main.java:20)\r\nCaused by: java.lang.RuntimeException: There was an error while executing action no. 4 (Scroll) in segment 1 of test web/Order a Burger.\nThe action definition was:\n{\n  \"action\": \"org.getopentest.base.MacroAction\",\n  \"args\": {\n    \"locator\": {\n      \"xpath\": \"//div[@id='product-category-5aa67698f9-fe26611caa_name']\"\n    }\n  },\n  \"macro\": \"Scroll\"\n}\r\n\tat org.getopentest.base.TestActor.executeTestSegment(TestActor.java:2142)\r\n\t... 3 more\r\nCaused by: java.lang.RuntimeException: Failed executing action org.getopentest.base.MacroAction with arguments {\"locator\":{\"xpath\":\"//div[@id='product-category-5aa67698f9-fe26611caa_name']\"}}\r\n\tat org.getopentest.base.TestActor.executeActionByDef(TestActor.java:1872)\r\n\tat org.getopentest.base.TestActor.executeTestSegment(TestActor.java:2092)\r\n\t... 3 more\r\nCaused by: java.lang.Exception: There was an error executing macro action Scroll with arguments {\"locator\":{\"xpath\":\"//div[@id='product-category-5aa67698f9-fe26611caa_name']\"}}\r\n\tat org.getopentest.base.TestActor.executeMacroActionByName(TestActor.java:2021)\r\n\tat org.getopentest.base.TestActor.executeActionByDef(TestActor.java:1745)\r\n\t... 4 more\r\nCaused by: java.lang.RuntimeException: There was an error while executing action no. 1 (org.getopentest.selenium.ActionsMoveTo) in macro Scroll.\nThe action definition was:\n{\n  \"action\": \"org.getopentest.selenium.ActionsMoveTo\",\n  \"description\": \"Move the mouse to product 1 element\"\n}\r\n\tat org.getopentest.base.TestActor.executeMacroActionByDef(TestActor.java:1973)\r\n\tat org.getopentest.base.TestActor.executeMacroActionByName(TestActor.java:2013)\r\n\t... 5 more\r\nCaused by: java.lang.RuntimeException: Failed executing action org.getopentest.selenium.ActionsMoveTo (no arguments were provided)\r\n\tat org.getopentest.base.TestActor.executeActionByDef(TestActor.java:1872)\r\n\tat org.getopentest.base.TestActor.executeMacroActionByDef(TestActor.java:1938)\r\n\t... 6 more\r\nCaused by: java.lang.RuntimeException: org.getopentest.exceptions.ArgumentException: Mandatory argument \"locator\" was not provided for action org.getopentest.selenium.ActionsMoveTo.\r\n\tat org.getopentest.base.TestActor.executeActionByClassName(TestActor.java:1670)\r\n\tat org.getopentest.base.TestActor.executeActionByDef(TestActor.java:1749)\r\n\t... 7 more\r\nCaused by: org.getopentest.exceptions.ArgumentException: Mandatory argument \"locator\" was not provided for action org.getopentest.selenium.ActionsMoveTo.\r\n\tat org.getopentest.base.TestAction.readArgument(TestAction.java:166)\r\n\tat org.getopentest.selenium.core.SeleniumTestAction.readLocatorArgument(SeleniumTestAction.java:233)\r\n\tat org.getopentest.selenium.ActionsMoveTo.run(ActionsMoveTo.java:13)\r\n\tat org.getopentest.base.TestActor.executeAction(TestActor.java:1571)\r\n\tat org.getopentest.base.TestActor.executeActionByClassName(TestActor.java:1647)\r\n\t... 8 more\r\n","v":0}
{"name":"1668422851","hostname":"BRILAP3418","pid":19312,"level":10,"actorType":"ACTOR1","actorId":"12118","time":"2022-11-14T10:49:02.9623527Z","msg":"TRACE: Firing TEST_COMPLETED event...","v":0}
{"name":"1668422851","hostname":"BRILAP3418","pid":19312,"level":20,"actorType":"ACTOR1","actorId":"12118","time":"2022-11-14T10:49:02.9840792Z","msg":"DEBUG: The browser log entries were: \n >>>>> LEVEL: WARNING | TIMESTAMP: 1668422925899 | MESSAGE: https://maps.google.com/maps-api-v3/api/js/49/12/util.js 243:27 \"Google Maps JavaScript API warning: RetiredVersion https://developers.google.com/maps/documentation/javascript/error-messages#retired-version\" >>>>> LEVEL: WARNING | TIMESTAMP: 1668422940210 | MESSAGE: https://maps.google.com/maps-api-v3/api/js/49/12/util.js 243:27 \"Google Maps JavaScript API warning: RetiredVersion https://developers.google.com/maps/documentation/javascript/error-messages#retired-version\"","v":0}
{"name":"1668422851","hostname":"BRILAP3418","pid":19312,"level":30,"actorType":"ACTOR1","actorId":"12118","time":"2022-11-14T10:49:04.5403596Z","msg":"==================== ACTOR1: web/Order a Happy Meal ====================","v":0}
{"name":"1668422851","hostname":"BRILAP3418","pid":19312,"level":30,"actorType":"ACTOR1","actorId":"12118","time":"2022-11-14T10:49:04.542057Z","msg":"Actor ACTOR1 started executing test web/Order a Happy Meal...","v":0}
{"name":"1668422851","hostname":"BRILAP3418","pid":19312,"level":10,"actorType":"ACTOR1","actorId":"12118","time":"2022-11-14T10:49:04.5430547Z","msg":"TRACE: Firing TEST_STARTED event...","v":0}
{"name":"1668422851","hostname":"BRILAP3418","pid":19312,"level":30,"actorType":"ACTOR1","actorId":"12118","time":"2022-11-14T10:49:04.6408603Z","msg":"Executing segment 1 of test web/Order a Happy Meal...","v":0}
{"name":"1668422851","hostname":"BRILAP3418","pid":19312,"level":30,"actorType":"ACTOR1","actorId":"12118","time":"2022-11-14T10:49:04.6418558Z","msg":"Evaluating action 1/6 (OurMenu) in segment 1...","v":0}
{"name":"1668422851","hostname":"BRILAP3418","pid":19312,"level":30,"actorType":"ACTOR1","actorId":"12118","time":"2022-11-14T10:49:04.6463158Z","msg":"Executing macro OurMenu (no arguments were provided)...","v":0}
{"name":"1668422851","hostname":"BRILAP3418","pid":19312,"level":30,"actorType":"ACTOR1","actorId":"12118","time":"2022-11-14T10:49:04.6473202Z","msg":"Evaluating action 1/2 in macro OurMenu (Mcdonalds fast food ordering)...","v":0}
{"name":"1668422851","hostname":"BRILAP3418","pid":19312,"level":10,"actorType":"ACTOR1","actorId":"12118","time":"2022-11-14T10:49:04.6622798Z","msg":"TRACE: Initializing action org.getopentest.selenium.NavigateTo...","v":0}
{"name":"1668422851","hostname":"BRILAP3418","pid":19312,"level":30,"actorType":"ACTOR1","actorId":"12118","time":"2022-11-14T10:49:04.6632767Z","msg":"Using local Selenium server","v":0}
{"name":"1668422851","hostname":"BRILAP3418","pid":19312,"level":10,"actorType":"ACTOR1","actorId":"12118","time":"2022-11-14T10:49:04.6657017Z","msg":"TRACE: Setting system property \"webdriver.chrome.driver\" to \"C:/Selenium/chromedriver.exe\"","v":0}
{"name":"1668422851","hostname":"BRILAP3418","pid":19312,"level":30,"actorType":"ACTOR1","actorId":"12118","time":"2022-11-14T10:49:10.0545895Z","msg":"Executing action org.getopentest.selenium.NavigateTo with arguments {\"url\":\"https://www.mcdonalds.com/us/en-us.html\"}...","v":0}
{"name":"1668422851","hostname":"BRILAP3418","pid":19312,"level":30,"actorType":"ACTOR1","actorId":"12118","time":"2022-11-14T10:49:15.8834284Z","msg":"Evaluating action 2/2 in macro OurMenu (Click on OurMenu drop down)...","v":0}
{"name":"1668422851","hostname":"BRILAP3418","pid":19312,"level":10,"actorType":"ACTOR1","actorId":"12118","time":"2022-11-14T10:49:15.8963993Z","msg":"TRACE: Initializing action org.getopentest.selenium.Click...","v":0}
{"name":"1668422851","hostname":"BRILAP3418","pid":19312,"level":30,"actorType":"ACTOR1","actorId":"12118","time":"2022-11-14T10:49:15.8973992Z","msg":"Executing action org.getopentest.selenium.Click with arguments {\"locator\":{\"xpath\":\"//button[@aria-controls='ourMenuSubItemsList_desktop']\"}}...","v":0}
{"name":"1668422851","hostname":"BRILAP3418","pid":19312,"level":30,"actorType":"ACTOR1","actorId":"12118","time":"2022-11-14T10:49:16.1607912Z","msg":"Evaluating action 2/6 (org.getopentest.selenium.Click) in segment 1 (Click on HappyMeal hyperlink)...","v":0}
{"name":"1668422851","hostname":"BRILAP3418","pid":19312,"level":10,"actorType":"ACTOR1","actorId":"12118","time":"2022-11-14T10:49:16.2033818Z","msg":"TRACE: Initializing action org.getopentest.selenium.Click...","v":0}
{"name":"1668422851","hostname":"BRILAP3418","pid":19312,"level":30,"actorType":"ACTOR1","actorId":"12118","time":"2022-11-14T10:49:16.205914Z","msg":"Executing action org.getopentest.selenium.Click with arguments {\"locator\":{\"xpath\":\"//div[@id='ourMenuSubItemsList_desktop']//span[@class='menu-text'][text()='Happy Meal®']\"}}...","v":0}
{"name":"1668422851","hostname":"BRILAP3418","pid":19312,"level":30,"actorType":"ACTOR1","actorId":"12118","time":"2022-11-14T10:49:20.7896737Z","msg":"Evaluating action 3/6 (org.getopentest.selenium.Click) in segment 1 (To Close Cookies popup)...","v":0}
{"name":"1668422851","hostname":"BRILAP3418","pid":19312,"level":10,"actorType":"ACTOR1","actorId":"12118","time":"2022-11-14T10:49:20.7916681Z","msg":"TRACE: Initializing action org.getopentest.selenium.Click...","v":0}
{"name":"1668422851","hostname":"BRILAP3418","pid":19312,"level":30,"actorType":"ACTOR1","actorId":"12118","time":"2022-11-14T10:49:20.7986526Z","msg":"Executing action org.getopentest.selenium.Click with arguments {\"locator\":{\"xpath\":\"//div[@id='onetrust-close-btn-container']/button\"}}...","v":0}
{"name":"1668422851","hostname":"BRILAP3418","pid":19312,"level":30,"actorType":"ACTOR1","actorId":"12118","time":"2022-11-14T10:49:21.2252041Z","msg":"Evaluating action 4/6 (Scroll) in segment 1...","v":0}
{"name":"1668422851","hostname":"BRILAP3418","pid":19312,"level":30,"actorType":"ACTOR1","actorId":"12118","time":"2022-11-14T10:49:21.2428895Z","msg":"Executing macro Scroll with arguments {\"locator\":{\"xpath\":\"//a[@href='/us/en-us/meal/hamburger-happy-meal.html']//div[@class='cmp-category__details']\"}}...","v":0}
{"name":"1668422851","hostname":"BRILAP3418","pid":19312,"level":30,"actorType":"ACTOR1","actorId":"12118","time":"2022-11-14T10:49:21.259726Z","msg":"Evaluating action 1/1 in macro Scroll (Move the mouse to product 1 element)...","v":0}
{"name":"1668422851","hostname":"BRILAP3418","pid":19312,"level":10,"actorType":"ACTOR1","actorId":"12118","time":"2022-11-14T10:49:21.2726894Z","msg":"TRACE: Initializing action org.getopentest.selenium.ActionsMoveTo...","v":0}
{"name":"1668422851","hostname":"BRILAP3418","pid":19312,"level":30,"actorType":"ACTOR1","actorId":"12118","time":"2022-11-14T10:49:21.274685Z","msg":"Executing action org.getopentest.selenium.ActionsMoveTo (no arguments were provided)...","v":0}
{"name":"1668422851","hostname":"BRILAP3418","pid":19312,"level":30,"actorType":"ACTOR1","actorId":"12118","time":"2022-11-14T10:49:22.7520049Z","msg":"Captured screenshot at C:\\Users\\Mohammed.Ahamed\\BrilMcDPractice\\opentest\\actor1\\out\\screenshots\\SID1668422851_ACTOR1_T04_SG01_ST04_error.png","v":0}
{"name":"1668422851","hostname":"BRILAP3418","pid":19312,"level":50,"actorType":"ACTOR1","actorId":"12118","time":"2022-11-14T10:49:22.8023277Z","msg":"ERROR: java.lang.Exception: Failed executing test web/Order a Happy Meal, segment 1\r\n\tat org.getopentest.base.TestActor.executeTestSegment(TestActor.java:2208)\r\n\tat org.getopentest.base.TestActor.runOneSession(TestActor.java:3077)\r\n\tat org.getopentest.base.TestActor.runOneSession(TestActor.java:3113)\r\n\tat org.getopentest.Main.main(Main.java:20)\r\nCaused by: java.lang.RuntimeException: There was an error while executing action no. 4 (Scroll) in segment 1 of test web/Order a Happy Meal.\nThe action definition was:\n{\n  \"action\": \"org.getopentest.base.MacroAction\",\n  \"args\": {\n    \"locator\": {\n      \"xpath\": \"//a[@href='/us/en-us/meal/hamburger-happy-meal.html']//div[@class='cmp-category__details']\"\n    }\n  },\n  \"macro\": \"Scroll\"\n}\r\n\tat org.getopentest.base.TestActor.executeTestSegment(TestActor.java:2142)\r\n\t... 3 more\r\nCaused by: java.lang.RuntimeException: Failed executing action org.getopentest.base.MacroAction with arguments {\"locator\":{\"xpath\":\"//a[@href='/us/en-us/meal/hamburger-happy-meal.html']//div[@class='cmp-category__details']\"}}\r\n\tat org.getopentest.base.TestActor.executeActionByDef(TestActor.java:1872)\r\n\tat org.getopentest.base.TestActor.executeTestSegment(TestActor.java:2092)\r\n\t... 3 more\r\nCaused by: java.lang.Exception: There was an error executing macro action Scroll with arguments {\"locator\":{\"xpath\":\"//a[@href='/us/en-us/meal/hamburger-happy-meal.html']//div[@class='cmp-category__details']\"}}\r\n\tat org.getopentest.base.TestActor.executeMacroActionByName(TestActor.java:2021)\r\n\tat org.getopentest.base.TestActor.executeActionByDef(TestActor.java:1745)\r\n\t... 4 more\r\nCaused by: java.lang.RuntimeException: There was an error while executing action no. 1 (org.getopentest.selenium.ActionsMoveTo) in macro Scroll.\nThe action definition was:\n{\n  \"action\": \"org.getopentest.selenium.ActionsMoveTo\",\n  \"description\": \"Move the mouse to product 1 element\"\n}\r\n\tat org.getopentest.base.TestActor.executeMacroActionByDef(TestActor.java:1973)\r\n\tat org.getopentest.base.TestActor.executeMacroActionByName(TestActor.java:2013)\r\n\t... 5 more\r\nCaused by: java.lang.RuntimeException: Failed executing action org.getopentest.selenium.ActionsMoveTo (no arguments were provided)\r\n\tat org.getopentest.base.TestActor.executeActionByDef(TestActor.java:1872)\r\n\tat org.getopentest.base.TestActor.executeMacroActionByDef(TestActor.java:1938)\r\n\t... 6 more\r\nCaused by: java.lang.RuntimeException: org.getopentest.exceptions.ArgumentException: Mandatory argument \"locator\" was not provided for action org.getopentest.selenium.ActionsMoveTo.\r\n\tat org.getopentest.base.TestActor.executeActionByClassName(TestActor.java:1670)\r\n\tat org.getopentest.base.TestActor.executeActionByDef(TestActor.java:1749)\r\n\t... 7 more\r\nCaused by: org.getopentest.exceptions.ArgumentException: Mandatory argument \"locator\" was not provided for action org.getopentest.selenium.ActionsMoveTo.\r\n\tat org.getopentest.base.TestAction.readArgument(TestAction.java:166)\r\n\tat org.getopentest.selenium.core.SeleniumTestAction.readLocatorArgument(SeleniumTestAction.java:233)\r\n\tat org.getopentest.selenium.ActionsMoveTo.run(ActionsMoveTo.java:13)\r\n\tat org.getopentest.base.TestActor.executeAction(TestActor.java:1571)\r\n\tat org.getopentest.base.TestActor.executeActionByClassName(TestActor.java:1647)\r\n\t... 8 more\r\n","v":0}
{"name":"1668422851","hostname":"BRILAP3418","pid":19312,"level":10,"actorType":"ACTOR1","actorId":"12118","time":"2022-11-14T10:49:23.3415835Z","msg":"TRACE: Firing TEST_COMPLETED event...","v":0}
{"name":"1668422851","hostname":"BRILAP3418","pid":19312,"level":20,"actorType":"ACTOR1","actorId":"12118","time":"2022-11-14T10:49:23.3775763Z","msg":"DEBUG: The browser log entries were: \n >>>>> LEVEL: WARNING | TIMESTAMP: 1668422956909 | MESSAGE: https://maps.google.com/maps-api-v3/api/js/49/12/util.js 243:27 \"Google Maps JavaScript API warning: RetiredVersion https://developers.google.com/maps/documentation/javascript/error-messages#retired-version\" >>>>> LEVEL: WARNING | TIMESTAMP: 1668422962373 | MESSAGE: https://maps.google.com/maps-api-v3/api/js/49/12/util.js 243:27 \"Google Maps JavaScript API warning: RetiredVersion https://developers.google.com/maps/documentation/javascript/error-messages#retired-version\"","v":0}
{"name":"1668422851","hostname":"BRILAP3418","pid":19312,"level":30,"actorType":"ACTOR1","actorId":"12118","time":"2022-11-14T10:49:25.1282704Z","msg":"==================== ACTOR1: web/Order a beverage ====================","v":0}
{"name":"1668422851","hostname":"BRILAP3418","pid":19312,"level":30,"actorType":"ACTOR1","actorId":"12118","time":"2022-11-14T10:49:25.1292707Z","msg":"Actor ACTOR1 started executing test web/Order a beverage...","v":0}
{"name":"1668422851","hostname":"BRILAP3418","pid":19312,"level":10,"actorType":"ACTOR1","actorId":"12118","time":"2022-11-14T10:49:25.1322629Z","msg":"TRACE: Firing TEST_STARTED event...","v":0}
{"name":"1668422851","hostname":"BRILAP3418","pid":19312,"level":30,"actorType":"ACTOR1","actorId":"12118","time":"2022-11-14T10:49:25.2725726Z","msg":"Executing segment 1 of test web/Order a beverage...","v":0}
{"name":"1668422851","hostname":"BRILAP3418","pid":19312,"level":30,"actorType":"ACTOR1","actorId":"12118","time":"2022-11-14T10:49:25.2735714Z","msg":"Evaluating action 1/6 (OurMenu) in segment 1...","v":0}
{"name":"1668422851","hostname":"BRILAP3418","pid":19312,"level":30,"actorType":"ACTOR1","actorId":"12118","time":"2022-11-14T10:49:25.2753502Z","msg":"Executing macro OurMenu (no arguments were provided)...","v":0}
{"name":"1668422851","hostname":"BRILAP3418","pid":19312,"level":30,"actorType":"ACTOR1","actorId":"12118","time":"2022-11-14T10:49:25.2763482Z","msg":"Evaluating action 1/2 in macro OurMenu (Mcdonalds fast food ordering)...","v":0}
{"name":"1668422851","hostname":"BRILAP3418","pid":19312,"level":10,"actorType":"ACTOR1","actorId":"12118","time":"2022-11-14T10:49:25.2883145Z","msg":"TRACE: Initializing action org.getopentest.selenium.NavigateTo...","v":0}
{"name":"1668422851","hostname":"BRILAP3418","pid":19312,"level":30,"actorType":"ACTOR1","actorId":"12118","time":"2022-11-14T10:49:25.2943025Z","msg":"Using local Selenium server","v":0}
{"name":"1668422851","hostname":"BRILAP3418","pid":19312,"level":10,"actorType":"ACTOR1","actorId":"12118","time":"2022-11-14T10:49:25.3142632Z","msg":"TRACE: Setting system property \"webdriver.chrome.driver\" to \"C:/Selenium/chromedriver.exe\"","v":0}
{"name":"1668422851","hostname":"BRILAP3418","pid":19312,"level":30,"actorType":"ACTOR1","actorId":"12118","time":"2022-11-14T10:49:30.8912159Z","msg":"Executing action org.getopentest.selenium.NavigateTo with arguments {\"url\":\"https://www.mcdonalds.com/us/en-us.html\"}...","v":0}
{"name":"1668422851","hostname":"BRILAP3418","pid":19312,"level":30,"actorType":"ACTOR1","actorId":"12118","time":"2022-11-14T10:49:36.587985Z","msg":"Evaluating action 2/2 in macro OurMenu (Click on OurMenu drop down)...","v":0}
{"name":"1668422851","hostname":"BRILAP3418","pid":19312,"level":10,"actorType":"ACTOR1","actorId":"12118","time":"2022-11-14T10:49:36.5992161Z","msg":"TRACE: Initializing action org.getopentest.selenium.Click...","v":0}
{"name":"1668422851","hostname":"BRILAP3418","pid":19312,"level":30,"actorType":"ACTOR1","actorId":"12118","time":"2022-11-14T10:49:36.5999387Z","msg":"Executing action org.getopentest.selenium.Click with arguments {\"locator\":{\"xpath\":\"//button[@aria-controls='ourMenuSubItemsList_desktop']\"}}...","v":0}
{"name":"1668422851","hostname":"BRILAP3418","pid":19312,"level":30,"actorType":"ACTOR1","actorId":"12118","time":"2022-11-14T10:49:37.0665501Z","msg":"Evaluating action 2/6 (org.getopentest.selenium.Click) in segment 1 (Click on Beverages hyperlink)...","v":0}
{"name":"1668422851","hostname":"BRILAP3418","pid":19312,"level":10,"actorType":"ACTOR1","actorId":"12118","time":"2022-11-14T10:49:37.0794213Z","msg":"TRACE: Initializing action org.getopentest.selenium.Click...","v":0}
{"name":"1668422851","hostname":"BRILAP3418","pid":19312,"level":30,"actorType":"ACTOR1","actorId":"12118","time":"2022-11-14T10:49:37.0824129Z","msg":"Executing action org.getopentest.selenium.Click with arguments {\"locator\":{\"xpath\":\"//div[@id='ourMenuSubItemsList_desktop']//span[@class='menu-text'][text()='Beverages']\"}}...","v":0}
{"name":"1668422851","hostname":"BRILAP3418","pid":19312,"level":30,"actorType":"ACTOR1","actorId":"12118","time":"2022-11-14T10:49:41.6837965Z","msg":"Evaluating action 3/6 (org.getopentest.selenium.Click) in segment 1 (To Close Cookies popup)...","v":0}
{"name":"1668422851","hostname":"BRILAP3418","pid":19312,"level":10,"actorType":"ACTOR1","actorId":"12118","time":"2022-11-14T10:49:41.6867491Z","msg":"TRACE: Initializing action org.getopentest.selenium.Click...","v":0}
{"name":"1668422851","hostname":"BRILAP3418","pid":19312,"level":30,"actorType":"ACTOR1","actorId":"12118","time":"2022-11-14T10:49:41.6897333Z","msg":"Executing action org.getopentest.selenium.Click with arguments {\"locator\":{\"xpath\":\"//div[@id='onetrust-close-btn-container']/button\"}}...","v":0}
{"name":"1668422851","hostname":"BRILAP3418","pid":19312,"level":30,"actorType":"ACTOR1","actorId":"12118","time":"2022-11-14T10:49:41.9749633Z","msg":"Evaluating action 4/6 (Scroll) in segment 1...","v":0}
{"name":"1668422851","hostname":"BRILAP3418","pid":19312,"level":30,"actorType":"ACTOR1","actorId":"12118","time":"2022-11-14T10:49:41.990366Z","msg":"Executing macro Scroll with arguments {\"locator\":{\"xpath\":\"//a[@href='/us/en-us/product/diet-coke-small.html']//div[@class='cmp-category__details']\"}}...","v":0}
{"name":"1668422851","hostname":"BRILAP3418","pid":19312,"level":30,"actorType":"ACTOR1","actorId":"12118","time":"2022-11-14T10:49:41.9994997Z","msg":"Evaluating action 1/1 in macro Scroll (Move the mouse to product 1 element)...","v":0}
{"name":"1668422851","hostname":"BRILAP3418","pid":19312,"level":10,"actorType":"ACTOR1","actorId":"12118","time":"2022-11-14T10:49:42.0233377Z","msg":"TRACE: Initializing action org.getopentest.selenium.ActionsMoveTo...","v":0}
{"name":"1668422851","hostname":"BRILAP3418","pid":19312,"level":30,"actorType":"ACTOR1","actorId":"12118","time":"2022-11-14T10:49:42.0323123Z","msg":"Executing action org.getopentest.selenium.ActionsMoveTo (no arguments were provided)...","v":0}
{"name":"1668422851","hostname":"BRILAP3418","pid":19312,"level":30,"actorType":"ACTOR1","actorId":"12118","time":"2022-11-14T10:49:43.4621047Z","msg":"Captured screenshot at C:\\Users\\Mohammed.Ahamed\\BrilMcDPractice\\opentest\\actor1\\out\\screenshots\\SID1668422851_ACTOR1_T05_SG01_ST04_error.png","v":0}
{"name":"1668422851","hostname":"BRILAP3418","pid":19312,"level":50,"actorType":"ACTOR1","actorId":"12118","time":"2022-11-14T10:49:43.5034319Z","msg":"ERROR: java.lang.Exception: Failed executing test web/Order a beverage, segment 1\r\n\tat org.getopentest.base.TestActor.executeTestSegment(TestActor.java:2208)\r\n\tat org.getopentest.base.TestActor.runOneSession(TestActor.java:3077)\r\n\tat org.getopentest.base.TestActor.runOneSession(TestActor.java:3113)\r\n\tat org.getopentest.Main.main(Main.java:20)\r\nCaused by: java.lang.RuntimeException: There was an error while executing action no. 4 (Scroll) in segment 1 of test web/Order a beverage.\nThe action definition was:\n{\n  \"action\": \"org.getopentest.base.MacroAction\",\n  \"args\": {\n    \"locator\": {\n      \"xpath\": \"//a[@href='/us/en-us/product/diet-coke-small.html']//div[@class='cmp-category__details']\"\n    }\n  },\n  \"macro\": \"Scroll\"\n}\r\n\tat org.getopentest.base.TestActor.executeTestSegment(TestActor.java:2142)\r\n\t... 3 more\r\nCaused by: java.lang.RuntimeException: Failed executing action org.getopentest.base.MacroAction with arguments {\"locator\":{\"xpath\":\"//a[@href='/us/en-us/product/diet-coke-small.html']//div[@class='cmp-category__details']\"}}\r\n\tat org.getopentest.base.TestActor.executeActionByDef(TestActor.java:1872)\r\n\tat org.getopentest.base.TestActor.executeTestSegment(TestActor.java:2092)\r\n\t... 3 more\r\nCaused by: java.lang.Exception: There was an error executing macro action Scroll with arguments {\"locator\":{\"xpath\":\"//a[@href='/us/en-us/product/diet-coke-small.html']//div[@class='cmp-category__details']\"}}\r\n\tat org.getopentest.base.TestActor.executeMacroActionByName(TestActor.java:2021)\r\n\tat org.getopentest.base.TestActor.executeActionByDef(TestActor.java:1745)\r\n\t... 4 more\r\nCaused by: java.lang.RuntimeException: There was an error while executing action no. 1 (org.getopentest.selenium.ActionsMoveTo) in macro Scroll.\nThe action definition was:\n{\n  \"action\": \"org.getopentest.selenium.ActionsMoveTo\",\n  \"description\": \"Move the mouse to product 1 element\"\n}\r\n\tat org.getopentest.base.TestActor.executeMacroActionByDef(TestActor.java:1973)\r\n\tat org.getopentest.base.TestActor.executeMacroActionByName(TestActor.java:2013)\r\n\t... 5 more\r\nCaused by: java.lang.RuntimeException: Failed executing action org.getopentest.selenium.ActionsMoveTo (no arguments were provided)\r\n\tat org.getopentest.base.TestActor.executeActionByDef(TestActor.java:1872)\r\n\tat org.getopentest.base.TestActor.executeMacroActionByDef(TestActor.java:1938)\r\n\t... 6 more\r\nCaused by: java.lang.RuntimeException: org.getopentest.exceptions.ArgumentException: Mandatory argument \"locator\" was not provided for action org.getopentest.selenium.ActionsMoveTo.\r\n\tat org.getopentest.base.TestActor.executeActionByClassName(TestActor.java:1670)\r\n\tat org.getopentest.base.TestActor.executeActionByDef(TestActor.java:1749)\r\n\t... 7 more\r\nCaused by: org.getopentest.exceptions.ArgumentException: Mandatory argument \"locator\" was not provided for action org.getopentest.selenium.ActionsMoveTo.\r\n\tat org.getopentest.base.TestAction.readArgument(TestAction.java:166)\r\n\tat org.getopentest.selenium.core.SeleniumTestAction.readLocatorArgument(SeleniumTestAction.java:233)\r\n\tat org.getopentest.selenium.ActionsMoveTo.run(ActionsMoveTo.java:13)\r\n\tat org.getopentest.base.TestActor.executeAction(TestActor.java:1571)\r\n\tat org.getopentest.base.TestActor.executeActionByClassName(TestActor.java:1647)\r\n\t... 8 more\r\n","v":0}
{"name":"1668422851","hostname":"BRILAP3418","pid":19312,"level":10,"actorType":"ACTOR1","actorId":"12118","time":"2022-11-14T10:49:44.0403251Z","msg":"TRACE: Firing TEST_COMPLETED event...","v":0}
{"name":"1668422851","hostname":"BRILAP3418","pid":19312,"level":20,"actorType":"ACTOR1","actorId":"12118","time":"2022-11-14T10:49:44.0758117Z","msg":"DEBUG: The browser log entries were: \n >>>>> LEVEL: WARNING | TIMESTAMP: 1668422977887 | MESSAGE: https://maps.google.com/maps-api-v3/api/js/49/12/util.js 243:27 \"Google Maps JavaScript API warning: RetiredVersion https://developers.google.com/maps/documentation/javascript/error-messages#retired-version\" >>>>> LEVEL: WARNING | TIMESTAMP: 1668422983339 | MESSAGE: https://maps.google.com/maps-api-v3/api/js/49/12/util.js 243:27 \"Google Maps JavaScript API warning: RetiredVersion https://developers.google.com/maps/documentation/javascript/error-messages#retired-version\"","v":0}
{"name":"1668422851","hostname":"BRILAP3418","pid":19312,"level":30,"actorType":"ACTOR1","actorId":"12118","time":"2022-11-14T10:49:45.8469504Z","msg":"==================== ACTOR1: web/Order a breakFast ====================","v":0}
{"name":"1668422851","hostname":"BRILAP3418","pid":19312,"level":30,"actorType":"ACTOR1","actorId":"12118","time":"2022-11-14T10:49:45.8479475Z","msg":"Actor ACTOR1 started executing test web/Order a breakFast...","v":0}
{"name":"1668422851","hostname":"BRILAP3418","pid":19312,"level":10,"actorType":"ACTOR1","actorId":"12118","time":"2022-11-14T10:49:45.8499438Z","msg":"TRACE: Firing TEST_STARTED event...","v":0}
{"name":"1668422851","hostname":"BRILAP3418","pid":19312,"level":30,"actorType":"ACTOR1","actorId":"12118","time":"2022-11-14T10:49:45.9862256Z","msg":"Executing segment 1 of test web/Order a breakFast...","v":0}
{"name":"1668422851","hostname":"BRILAP3418","pid":19312,"level":30,"actorType":"ACTOR1","actorId":"12118","time":"2022-11-14T10:49:45.9874336Z","msg":"Evaluating action 1/6 (OurMenu) in segment 1...","v":0}
{"name":"1668422851","hostname":"BRILAP3418","pid":19312,"level":30,"actorType":"ACTOR1","actorId":"12118","time":"2022-11-14T10:49:45.9904105Z","msg":"Executing macro OurMenu (no arguments were provided)...","v":0}
{"name":"1668422851","hostname":"BRILAP3418","pid":19312,"level":30,"actorType":"ACTOR1","actorId":"12118","time":"2022-11-14T10:49:45.993927Z","msg":"Evaluating action 1/2 in macro OurMenu (Mcdonalds fast food ordering)...","v":0}
{"name":"1668422851","hostname":"BRILAP3418","pid":19312,"level":10,"actorType":"ACTOR1","actorId":"12118","time":"2022-11-14T10:49:46.0161153Z","msg":"TRACE: Initializing action org.getopentest.selenium.NavigateTo...","v":0}
{"name":"1668422851","hostname":"BRILAP3418","pid":19312,"level":30,"actorType":"ACTOR1","actorId":"12118","time":"2022-11-14T10:49:46.0204239Z","msg":"Using local Selenium server","v":0}
{"name":"1668422851","hostname":"BRILAP3418","pid":19312,"level":10,"actorType":"ACTOR1","actorId":"12118","time":"2022-11-14T10:49:46.0301354Z","msg":"TRACE: Setting system property \"webdriver.chrome.driver\" to \"C:/Selenium/chromedriver.exe\"","v":0}
{"name":"1668422851","hostname":"BRILAP3418","pid":19312,"level":30,"actorType":"ACTOR1","actorId":"12118","time":"2022-11-14T10:49:51.6455548Z","msg":"Executing action org.getopentest.selenium.NavigateTo with arguments {\"url\":\"https://www.mcdonalds.com/us/en-us.html\"}...","v":0}
{"name":"1668422851","hostname":"BRILAP3418","pid":19312,"level":30,"actorType":"ACTOR1","actorId":"12118","time":"2022-11-14T10:49:57.3332719Z","msg":"Evaluating action 2/2 in macro OurMenu (Click on OurMenu drop down)...","v":0}
{"name":"1668422851","hostname":"BRILAP3418","pid":19312,"level":10,"actorType":"ACTOR1","actorId":"12118","time":"2022-11-14T10:49:57.3433742Z","msg":"TRACE: Initializing action org.getopentest.selenium.Click...","v":0}
{"name":"1668422851","hostname":"BRILAP3418","pid":19312,"level":30,"actorType":"ACTOR1","actorId":"12118","time":"2022-11-14T10:49:57.3472334Z","msg":"Executing action org.getopentest.selenium.Click with arguments {\"locator\":{\"xpath\":\"//button[@aria-controls='ourMenuSubItemsList_desktop']\"}}...","v":0}
{"name":"1668422851","hostname":"BRILAP3418","pid":19312,"level":30,"actorType":"ACTOR1","actorId":"12118","time":"2022-11-14T10:49:57.7630363Z","msg":"Evaluating action 2/6 (org.getopentest.selenium.Click) in segment 1 (Click on BreakFast hyperlink)...","v":0}
{"name":"1668422851","hostname":"BRILAP3418","pid":19312,"level":10,"actorType":"ACTOR1","actorId":"12118","time":"2022-11-14T10:49:57.7780039Z","msg":"TRACE: Initializing action org.getopentest.selenium.Click...","v":0}
{"name":"1668422851","hostname":"BRILAP3418","pid":19312,"level":30,"actorType":"ACTOR1","actorId":"12118","time":"2022-11-14T10:49:57.781991Z","msg":"Executing action org.getopentest.selenium.Click with arguments {\"locator\":{\"xpath\":\"//div[@id='ourMenuSubItemsList_desktop']//span[@class='menu-text'][text()='Breakfast']\"}}...","v":0}
{"name":"1668422851","hostname":"BRILAP3418","pid":19312,"level":30,"actorType":"ACTOR1","actorId":"12118","time":"2022-11-14T10:50:01.4255983Z","msg":"Evaluating action 3/6 (org.getopentest.selenium.Click) in segment 1 (To Close Cookies popup)...","v":0}
{"name":"1668422851","hostname":"BRILAP3418","pid":19312,"level":10,"actorType":"ACTOR1","actorId":"12118","time":"2022-11-14T10:50:01.4275911Z","msg":"TRACE: Initializing action org.getopentest.selenium.Click...","v":0}
{"name":"1668422851","hostname":"BRILAP3418","pid":19312,"level":30,"actorType":"ACTOR1","actorId":"12118","time":"2022-11-14T10:50:01.4285877Z","msg":"Executing action org.getopentest.selenium.Click with arguments {\"locator\":{\"xpath\":\"//div[@id='onetrust-close-btn-container']/button\"}}...","v":0}
{"name":"1668422851","hostname":"BRILAP3418","pid":19312,"level":30,"actorType":"ACTOR1","actorId":"12118","time":"2022-11-14T10:50:01.702019Z","msg":"Evaluating action 4/6 (Scroll) in segment 1...","v":0}
{"name":"1668422851","hostname":"BRILAP3418","pid":19312,"level":30,"actorType":"ACTOR1","actorId":"12118","time":"2022-11-14T10:50:01.713989Z","msg":"Executing macro Scroll with arguments {\"locator\":{\"xpath\":\"//a[@href='/us/en-us/product/sausage-biscuit.html']//div[@class='cmp-category__details']\"}}...","v":0}
{"name":"1668422851","hostname":"BRILAP3418","pid":19312,"level":30,"actorType":"ACTOR1","actorId":"12118","time":"2022-11-14T10:50:01.7169774Z","msg":"Evaluating action 1/1 in macro Scroll (Move the mouse to product 1 element)...","v":0}
{"name":"1668422851","hostname":"BRILAP3418","pid":19312,"level":10,"actorType":"ACTOR1","actorId":"12118","time":"2022-11-14T10:50:01.7180821Z","msg":"TRACE: Initializing action org.getopentest.selenium.ActionsMoveTo...","v":0}
{"name":"1668422851","hostname":"BRILAP3418","pid":19312,"level":30,"actorType":"ACTOR1","actorId":"12118","time":"2022-11-14T10:50:01.7189738Z","msg":"Executing action org.getopentest.selenium.ActionsMoveTo (no arguments were provided)...","v":0}
{"name":"1668422851","hostname":"BRILAP3418","pid":19312,"level":30,"actorType":"ACTOR1","actorId":"12118","time":"2022-11-14T10:50:03.2685317Z","msg":"Captured screenshot at C:\\Users\\Mohammed.Ahamed\\BrilMcDPractice\\opentest\\actor1\\out\\screenshots\\SID1668422851_ACTOR1_T06_SG01_ST04_error.png","v":0}
{"name":"1668422851","hostname":"BRILAP3418","pid":19312,"level":50,"actorType":"ACTOR1","actorId":"12118","time":"2022-11-14T10:50:03.3127766Z","msg":"ERROR: java.lang.Exception: Failed executing test web/Order a breakFast, segment 1\r\n\tat org.getopentest.base.TestActor.executeTestSegment(TestActor.java:2208)\r\n\tat org.getopentest.base.TestActor.runOneSession(TestActor.java:3077)\r\n\tat org.getopentest.base.TestActor.runOneSession(TestActor.java:3113)\r\n\tat org.getopentest.Main.main(Main.java:20)\r\nCaused by: java.lang.RuntimeException: There was an error while executing action no. 4 (Scroll) in segment 1 of test web/Order a breakFast.\nThe action definition was:\n{\n  \"action\": \"org.getopentest.base.MacroAction\",\n  \"args\": {\n    \"locator\": {\n      \"xpath\": \"//a[@href='/us/en-us/product/sausage-biscuit.html']//div[@class='cmp-category__details']\"\n    }\n  },\n  \"macro\": \"Scroll\"\n}\r\n\tat org.getopentest.base.TestActor.executeTestSegment(TestActor.java:2142)\r\n\t... 3 more\r\nCaused by: java.lang.RuntimeException: Failed executing action org.getopentest.base.MacroAction with arguments {\"locator\":{\"xpath\":\"//a[@href='/us/en-us/product/sausage-biscuit.html']//div[@class='cmp-category__details']\"}}\r\n\tat org.getopentest.base.TestActor.executeActionByDef(TestActor.java:1872)\r\n\tat org.getopentest.base.TestActor.executeTestSegment(TestActor.java:2092)\r\n\t... 3 more\r\nCaused by: java.lang.Exception: There was an error executing macro action Scroll with arguments {\"locator\":{\"xpath\":\"//a[@href='/us/en-us/product/sausage-biscuit.html']//div[@class='cmp-category__details']\"}}\r\n\tat org.getopentest.base.TestActor.executeMacroActionByName(TestActor.java:2021)\r\n\tat org.getopentest.base.TestActor.executeActionByDef(TestActor.java:1745)\r\n\t... 4 more\r\nCaused by: java.lang.RuntimeException: There was an error while executing action no. 1 (org.getopentest.selenium.ActionsMoveTo) in macro Scroll.\nThe action definition was:\n{\n  \"action\": \"org.getopentest.selenium.ActionsMoveTo\",\n  \"description\": \"Move the mouse to product 1 element\"\n}\r\n\tat org.getopentest.base.TestActor.executeMacroActionByDef(TestActor.java:1973)\r\n\tat org.getopentest.base.TestActor.executeMacroActionByName(TestActor.java:2013)\r\n\t... 5 more\r\nCaused by: java.lang.RuntimeException: Failed executing action org.getopentest.selenium.ActionsMoveTo (no arguments were provided)\r\n\tat org.getopentest.base.TestActor.executeActionByDef(TestActor.java:1872)\r\n\tat org.getopentest.base.TestActor.executeMacroActionByDef(TestActor.java:1938)\r\n\t... 6 more\r\nCaused by: java.lang.RuntimeException: org.getopentest.exceptions.ArgumentException: Mandatory argument \"locator\" was not provided for action org.getopentest.selenium.ActionsMoveTo.\r\n\tat org.getopentest.base.TestActor.executeActionByClassName(TestActor.java:1670)\r\n\tat org.getopentest.base.TestActor.executeActionByDef(TestActor.java:1749)\r\n\t... 7 more\r\nCaused by: org.getopentest.exceptions.ArgumentException: Mandatory argument \"locator\" was not provided for action org.getopentest.selenium.ActionsMoveTo.\r\n\tat org.getopentest.base.TestAction.readArgument(TestAction.java:166)\r\n\tat org.getopentest.selenium.core.SeleniumTestAction.readLocatorArgument(SeleniumTestAction.java:233)\r\n\tat org.getopentest.selenium.ActionsMoveTo.run(ActionsMoveTo.java:13)\r\n\tat org.getopentest.base.TestActor.executeAction(TestActor.java:1571)\r\n\tat org.getopentest.base.TestActor.executeActionByClassName(TestActor.java:1647)\r\n\t... 8 more\r\n","v":0}
{"name":"1668422851","hostname":"BRILAP3418","pid":19312,"level":30,"actorType":"ACTOR1","actorId":"12118","time":"2022-11-14T10:50:03.8287835Z","msg":"Test session has completed","v":0}
{"name":"1668422851","hostname":"BRILAP3418","pid":19312,"level":10,"actorType":"ACTOR1","actorId":"12118","time":"2022-11-14T10:50:03.8310255Z","msg":"TRACE: Firing TEST_COMPLETED event...","v":0}
{"name":"1668422851","hostname":"BRILAP3418","pid":19312,"level":30,"actorType":"ACTOR1","actorId":"12118","time":"2022-11-14T10:50:03.8846887Z","msg":"There were no entries in the browser log. ","v":0}
{"name":"1668422851","hostname":"BRILAP3418","pid":19312,"level":10,"actorType":"ACTOR1","actorId":"12118","time":"2022-11-14T10:50:05.5965417Z","msg":"TRACE: Firing SESSION_COMPLETED event...","v":0}
{"name":"1668422851","hostname":"BRILAP3418","pid":19312,"level":30,"actorType":"ACTOR1","actorId":"12118","time":"2022-11-14T10:50:05.5975404Z","msg":"Actor 12118 of type ACTOR1 with no tags is waiting to be acquired by a test session...","v":0}
{"name":"1668422851","hostname":"BRILAP3418","pid":19312,"level":10,"actorType":"ACTOR1","actorId":"12118","time":"2022-11-14T13:33:16.1775211Z","msg":"TRACE: Initializing test session information in the \"announce\" method...","v":0}
{"name":"1668422851","hostname":"BRILAP3418","pid":19312,"level":10,"actorType":"ACTOR1","actorId":"12118","time":"2022-11-14T13:33:16.1839866Z","msg":"TRACE: Session ID in sync server response was 1668432795; actor session ID was null","v":0}
{"name":"1668422851","hostname":"BRILAP3418","pid":19312,"level":20,"actorType":"ACTOR1","actorId":"12118","time":"2022-11-14T13:33:32.4679298Z","msg":"DEBUG: The browser log entries were: \n >>>>> LEVEL: SEVERE | TIMESTAMP: 1668432811474 | MESSAGE: https://schema.milestoneinternet.com/schema/mcdonalds.com/us/en-us/full-menu/fries-sides.html/schema.json?t=15601 - Failed to load resource: the server responded with a status of 404 ()","v":0}
{"name":"1668422851","hostname":"BRILAP3418","pid":19312,"level":20,"actorType":"ACTOR1","actorId":"12118","time":"2022-11-14T13:40:38.2094167Z","msg":"DEBUG: The browser log entries were: \n >>>>> LEVEL: SEVERE | TIMESTAMP: 1668433237603 | MESSAGE: https://schema.milestoneinternet.com/schema/mcdonalds.com/us/en-us/full-menu/fries-sides.html/schema.json?t=67061 - Failed to load resource: the server responded with a status of 404 ()","v":0}
{"name":"1668422851","hostname":"BRILAP3418","pid":19312,"level":20,"actorType":"ACTOR1","actorId":"12118","time":"2022-11-14T13:46:35.8446865Z","msg":"DEBUG: The browser log entries were: \n >>>>> LEVEL: SEVERE | TIMESTAMP: 1668433594398 | MESSAGE: https://schema.milestoneinternet.com/schema/mcdonalds.com/us/en-us/full-menu/fries-sides.html/schema.json?t=62521 - Failed to load resource: the server responded with a status of 404 ()","v":0}
{"name":"1668422851","hostname":"BRILAP3418","pid":19312,"level":20,"actorType":"ACTOR1","actorId":"12118","time":"2022-11-14T13:50:56.858478Z","msg":"DEBUG: The browser log entries were: \n >>>>> LEVEL: SEVERE | TIMESTAMP: 1668433856654 | MESSAGE: https://schema.milestoneinternet.com/schema/mcdonalds.com/us/en-us/full-menu/fries-sides.html/schema.json?t=55641 - Failed to load resource: the server responded with a status of 404 ()","v":0}
{"name":"1668422851","hostname":"BRILAP3418","pid":19312,"level":20,"actorType":"ACTOR1","actorId":"12118","time":"2022-11-14T13:55:24.6023279Z","msg":"DEBUG: The browser log entries were: \n >>>>> LEVEL: SEVERE | TIMESTAMP: 1668434123129 | MESSAGE: https://schema.milestoneinternet.com/schema/mcdonalds.com/us/en-us/full-menu/fries-sides.html/schema.json?t=40191 - Failed to load resource: the server responded with a status of 404 ()","v":0}
{"name":"1668422851","hostname":"BRILAP3418","pid":19312,"level":20,"actorType":"ACTOR1","actorId":"12118","time":"2022-11-14T14:22:31.874336Z","msg":"DEBUG: The browser log entries were: \n >>>>> LEVEL: WARNING | TIMESTAMP: 1668435747743 | MESSAGE: https://maps.google.com/maps-api-v3/api/js/49/12/util.js 243:27 \"Google Maps JavaScript API warning: RetiredVersion https://developers.google.com/maps/documentation/javascript/error-messages#retired-version\" >>>>> LEVEL: SEVERE | TIMESTAMP: 1668435750446 | MESSAGE: https://schema.milestoneinternet.com/schema/mcdonalds.com/us/en-us/full-menu/sweets-treats.html/schema.json?t=22111 - Failed to load resource: the server responded with a status of 404 ()","v":0}
{"name":"1668422851","hostname":"BRILAP3418","pid":19312,"level":20,"actorType":"ACTOR1","actorId":"12118","time":"2022-11-14T14:27:26.4626877Z","msg":"DEBUG: The browser log entries were: \n >>>>> LEVEL: SEVERE | TIMESTAMP: 1668436044962 | MESSAGE: https://schema.milestoneinternet.com/schema/mcdonalds.com/us/en-us/full-menu/fries-sides.html/schema.json?t=34011 - Failed to load resource: the server responded with a status of 404 ()","v":0}
{"name":"1668422851","hostname":"BRILAP3418","pid":19312,"level":20,"actorType":"ACTOR1","actorId":"12118","time":"2022-11-14T14:33:57.5677958Z","msg":"DEBUG: The browser log entries were: \n >>>>> LEVEL: SEVERE | TIMESTAMP: 1668436436117 | MESSAGE: https://schema.milestoneinternet.com/schema/mcdonalds.com/us/en-us/full-menu/fries-sides.html/schema.json?t=93051 - Failed to load resource: the server responded with a status of 404 ()","v":0}
{"name":"1668422851","hostname":"BRILAP3418","pid":19312,"level":20,"actorType":"ACTOR1","actorId":"12118","time":"2022-11-14T14:47:47.6002092Z","msg":"DEBUG: The browser log entries were: \n >>>>> LEVEL: SEVERE | TIMESTAMP: 1668437261652 | MESSAGE: https://schema.milestoneinternet.com/schema/mcdonalds.com/us/en-us/full-menu/fries-sides.html/schema.json?t=60621 - Failed to load resource: the server responded with a status of 404 ()","v":0}
{"name":"1668422851","hostname":"BRILAP3418","pid":19312,"level":20,"actorType":"ACTOR1","actorId":"12118","time":"2022-11-14T14:49:18.1962343Z","msg":"DEBUG: The browser log entries were: \n >>>>> LEVEL: SEVERE | TIMESTAMP: 1668437356645 | MESSAGE: https://schema.milestoneinternet.com/schema/mcdonalds.com/us/en-us/full-menu/fries-sides.html/schema.json?t=50071 - Failed to load resource: the server responded with a status of 404 () >>>>> LEVEL: WARNING | TIMESTAMP: 1668437358001 | MESSAGE: https://maps.google.com/maps-api-v3/api/js/49/12/util.js 243:27 \"Google Maps JavaScript API warning: RetiredVersion https://developers.google.com/maps/documentation/javascript/error-messages#retired-version\"","v":0}
{"name":"1668422851","hostname":"BRILAP3418","pid":19312,"level":20,"actorType":"ACTOR1","actorId":"12118","time":"2022-11-14T17:24:39.2744709Z","msg":"DEBUG: The browser log entries were: \n >>>>> LEVEL: WARNING | TIMESTAMP: 1668446674299 | MESSAGE: https://maps.google.com/maps-api-v3/api/js/49/12/util.js 243:27 \"Google Maps JavaScript API warning: RetiredVersion https://developers.google.com/maps/documentation/javascript/error-messages#retired-version\" >>>>> LEVEL: SEVERE | TIMESTAMP: 1668446677484 | MESSAGE: https://schema.milestoneinternet.com/schema/mcdonalds.com/us/en-us/full-menu/fries-sides.html/schema.json?t=44771 - Failed to load resource: the server responded with a status of 404 ()","v":0}
{"name":"1668422851","hostname":"BRILAP3418","pid":19312,"level":20,"actorType":"ACTOR1","actorId":"12118","time":"2022-11-14T17:28:53.390618Z","msg":"DEBUG: The browser log entries were: \n >>>>> LEVEL: SEVERE | TIMESTAMP: 1668446931503 | MESSAGE: https://schema.milestoneinternet.com/schema/mcdonalds.com/us/en-us/full-menu/fries-sides.html/schema.json?t=65421 - Failed to load resource: the server responded with a status of 404 ()","v":0}
{"name":"1668422851","hostname":"BRILAP3418","pid":19312,"level":20,"actorType":"ACTOR1","actorId":"12118","time":"2022-11-14T17:30:30.2146604Z","msg":"DEBUG: The browser log entries were: \n >>>>> LEVEL: SEVERE | TIMESTAMP: 1668447028272 | MESSAGE: https://schema.milestoneinternet.com/schema/mcdonalds.com/us/en-us/full-menu/fries-sides.html/schema.json?t=97901 - Failed to load resource: the server responded with a status of 404 ()","v":0}
