{"id":1668419414,"actors":{"29086":{"id":29086,"lastSeenTime":1668419410486,"testSessionId":1668419414,"type":"WEB","tags":[],"_id":"ui1tvX0iIHEUuIDi","ip":"::ffff:127.0.0.1","tests":[{"currentSegmentIndex":1,"segments":[{"index":0,"status":"completed","timeStarted":1668419416358,"timeCompleted":1668419416370,"result":"passed"},{"index":1,"status":"completed","timeStarted":1668419416381,"timeCompleted":1668419425519,"result":"passed"}],"name":"Verify Headers","path":"web","timeCompleted":null,"timeStarted":1668419416358}]}},"maxIterations":"1","currentIteration":1,"currentTestIndex":1,"currentSegmentIndex":0,"label":"Test1 5","result":"passed","status":"completed","tests":[{"actions":[{"action":"org.getopentest.selenium.NavigateTo","actorType":"WEB","args":{"url":"https://www.mcdonalds.com/us/en-us.html"},"isCheckpoint":false,"description":"Navigate to the GitHub homepage","durationMs":7462,"macroStack":[],"result":"passed","segment":1},{"action":"org.getopentest.selenium.Click","actorType":"WEB","args":{"locator":{"xpath":"//div[@class='cmp-global-header__desktop-nav']//a[contains(text(),'Download App')]"}},"isCheckpoint":false,"description":"Click the Doanload App link in the header","durationMs":1512,"macroStack":["HeaderCheck"],"result":"passed","segment":1},{"action":"org.getopentest.selenium.AssertElementPresent","actorType":"WEB","args":{"locator":{"xpath":"//div[@class='cmp-title']/h1[contains(text(),'McDonald')]"}},"isCheckpoint":false,"description":"Verify that page title is present on the page","durationMs":34,"macroStack":["HeaderCheck"],"result":"passed","segment":1},{"action":"org.getopentest.selenium.AssertElementText","actorType":"WEB","args":{"caseInsensitive":true,"textContains":"McDonald's Ap","locator":{"xpath":"//div[@class='cmp-title']/h1[contains(text(),'McDonald')]"}},"isCheckpoint":false,"description":"Verify the \"product\" is MacBook","durationMs":73,"macroStack":["HeaderCheck"],"result":"passed","segment":1},{"action":"org.getopentest.base.MacroAction","actorType":"WEB","args":{},"isCheckpoint":false,"description":"HeaderCheck","durationMs":1649,"macro":"HeaderCheck","macroStack":[],"result":"passed","segment":1}],"currentIteration":1,"currentSegmentIndex":0,"isDataDriven":false,"name":"Verify Headers","path":"web","result":"passed","status":"completed","segments":[{"index":0,"result":"passed","status":"completed","timeStarted":1668419416358,"timeCompleted":1668419416370},{"index":1,"result":"passed","status":"completed","timeStarted":1668419416381,"timeCompleted":1668419425519}],"tags":[],"timeStarted":1668419416358,"timeCompleted":1668419425519}],"timeCreated":1668419413778,"timeStarted":1668419416358,"timeCompleted":1668419425519,"lastActivity":1668419425518,"_id":"7434JsVxweQOpnZu","actorTags":[],"environment":"","currentDataRecordIndex":-1}
{"id":1668419938,"actors":{"29086":{"id":29086,"lastSeenTime":1668419937077,"testSessionId":1668419938,"type":"WEB","tags":[],"_id":"ui1tvX0iIHEUuIDi","ip":"::ffff:127.0.0.1","tests":[{"currentSegmentIndex":1,"segments":[{"index":0,"status":"completed","timeStarted":1668419942361,"timeCompleted":1668419942369,"result":"passed"},{"index":1,"status":"completed","timeStarted":1668419942386,"timeCompleted":1668419959449,"result":"passed"}],"name":"Verify Headers","path":"web","timeCompleted":null,"timeStarted":1668419942361}]}},"maxIterations":"1","currentIteration":1,"currentTestIndex":1,"currentSegmentIndex":0,"label":"Test1 8","result":"passed","status":"completed","tests":[{"actions":[{"action":"org.getopentest.selenium.NavigateTo","actorType":"WEB","args":{"url":"https://www.mcdonalds.com/us/en-us.html"},"isCheckpoint":false,"description":"Navigate to the GitHub homepage","durationMs":7236,"macroStack":[],"result":"passed","segment":1},{"action":"org.getopentest.selenium.Click","actorType":"WEB","args":{"locator":{"xpath":"//div[@class='cmp-global-header__desktop-nav']//a[contains(text(),'Download App')]"}},"isCheckpoint":false,"description":"Click the Doanload App link in the header","durationMs":1999,"macroStack":["HeaderCheck"],"result":"passed","segment":1},{"action":"org.getopentest.selenium.AssertElementPresent","actorType":"WEB","args":{"locator":{"xpath":"//div[@class='cmp-title']/h1[contains(text(),'McDonald')]"}},"isCheckpoint":false,"description":"Verify that page title is present on the page","durationMs":45,"macroStack":["HeaderCheck"],"result":"passed","segment":1},{"action":"org.getopentest.selenium.AssertElementText","actorType":"WEB","args":{"caseInsensitive":true,"textContains":"McDonald's App","locator":{"xpath":"//div[@class='cmp-title']/h1[contains(text(),'McDonald')]"}},"isCheckpoint":false,"description":"Verify the \"product\" is MacBook","durationMs":52,"macroStack":["HeaderCheck"],"result":"passed","segment":1},{"action":"org.getopentest.selenium.Click","actorType":"WEB","args":{"locator":{"xpath":"//div[@class='cmp-global-header__desktop-nav']//a[contains(text(),'MyMcDonald')]"}},"isCheckpoint":false,"description":"Click the Download App link in the header","durationMs":3313,"macroStack":["HeaderCheck"],"result":"passed","segment":1},{"action":"org.getopentest.selenium.AssertElementPresent","actorType":"WEB","args":{"locator":{"xpath":"//div[@class='cmp-title']/h1[contains(text(),'Rewards')]"}},"isCheckpoint":false,"description":"Verify that page title is present on the page","durationMs":45,"macroStack":["HeaderCheck"],"result":"passed","segment":1},{"action":"org.getopentest.selenium.AssertElementText","actorType":"WEB","args":{"caseInsensitive":true,"textContains":"MyMcDonald’s Rewards","locator":{"xpath":"//div[@class='cmp-title']/h1[contains(text(),'Rewards')]"}},"isCheckpoint":false,"description":"Verify the \"product\" is MacBook","durationMs":42,"macroStack":["HeaderCheck"],"result":"passed","segment":1},{"action":"org.getopentest.selenium.Click","actorType":"WEB","args":{"locator":{"xpath":"//div[@class='cmp-global-header__desktop-nav']//a[contains(text(),'Exclusive Deals')]"}},"isCheckpoint":false,"description":"Click the Doanload App link in the header","durationMs":2668,"macroStack":["HeaderCheck"],"result":"passed","segment":1},{"action":"org.getopentest.selenium.AssertElementPresent","actorType":"WEB","args":{"locator":{"xpath":"//div[@class='cmp-title']/h1[contains(text(),'Exclusive')]"}},"isCheckpoint":false,"description":"Verify that page title is present on the page","durationMs":35,"macroStack":["HeaderCheck"],"result":"passed","segment":1},{"action":"org.getopentest.selenium.AssertElementText","actorType":"WEB","args":{"caseInsensitive":true,"textContains":"Exclusive McDonald's Deals","locator":{"xpath":"//div[@class='cmp-title']/h1[contains(text(),'Exclusive')]"}},"isCheckpoint":false,"description":"Verify the \"product\" is MacBook","durationMs":37,"macroStack":["HeaderCheck"],"result":"passed","segment":1},{"action":"org.getopentest.selenium.Click","actorType":"WEB","args":{"locator":{"xpath":"//div[@class='cmp-global-header__desktop-nav']//a[contains(text(),'About Our Food')]"}},"isCheckpoint":false,"description":"Click the Doanload App link in the header","durationMs":1370,"macroStack":["HeaderCheck"],"result":"passed","segment":1},{"action":"org.getopentest.selenium.AssertElementPresent","actorType":"WEB","args":{"locator":{"xpath":"//div[@class='cmp-title']/h1[contains(text(),'About')]"}},"isCheckpoint":false,"description":"Verify that page title is present on the page","durationMs":49,"macroStack":["HeaderCheck"],"result":"passed","segment":1},{"action":"org.getopentest.selenium.AssertElementText","actorType":"WEB","args":{"caseInsensitive":true,"textContains":"About Our Food","locator":{"xpath":"//div[@class='cmp-title']/h1[contains(text(),'About')]"}},"isCheckpoint":false,"description":"Verify the \"product\" is MacBook","durationMs":70,"macroStack":["HeaderCheck"],"result":"passed","segment":1},{"action":"org.getopentest.base.MacroAction","actorType":"WEB","args":{},"isCheckpoint":false,"description":"HeaderCheck","durationMs":9796,"macro":"HeaderCheck","macroStack":[],"result":"passed","segment":1}],"currentIteration":1,"currentSegmentIndex":0,"isDataDriven":false,"name":"Verify Headers","path":"web","result":"passed","status":"completed","segments":[{"index":0,"result":"passed","status":"completed","timeStarted":1668419942361,"timeCompleted":1668419942369},{"index":1,"result":"passed","status":"completed","timeStarted":1668419942386,"timeCompleted":1668419959449}],"tags":[],"timeStarted":1668419942361,"timeCompleted":1668419959449}],"timeCreated":1668419938274,"timeStarted":1668419942361,"timeCompleted":1668419959449,"lastActivity":1668419959449,"_id":"9oHKCsNvcmpoN5pF","actorTags":[],"environment":"","currentDataRecordIndex":-1}
{"id":1668419378,"actors":{"29086":{"id":29086,"lastSeenTime":1668419375371,"testSessionId":1668419378,"type":"WEB","tags":[],"_id":"ui1tvX0iIHEUuIDi","ip":"::ffff:127.0.0.1","tests":[{"currentSegmentIndex":1,"segments":[{"index":0,"status":"completed","timeStarted":1668419381052,"timeCompleted":1668419381064,"result":"passed"},{"index":1,"status":"completed","timeStarted":1668419381077,"timeCompleted":1668419389302,"result":"passed"}],"name":"Verify Headers","path":"web","timeCompleted":null,"timeStarted":1668419381052}]}},"maxIterations":"1","currentIteration":1,"currentTestIndex":1,"currentSegmentIndex":0,"label":"Test1 4","result":"passed","status":"completed","tests":[{"actions":[{"action":"org.getopentest.selenium.NavigateTo","actorType":"WEB","args":{"url":"https://www.mcdonalds.com/us/en-us.html"},"isCheckpoint":false,"description":"Navigate to the GitHub homepage","durationMs":6319,"macroStack":[],"result":"passed","segment":1},{"action":"org.getopentest.selenium.Click","actorType":"WEB","args":{"locator":{"xpath":"//div[@class='cmp-global-header__desktop-nav']//a[contains(text(),'Download App')]"}},"isCheckpoint":false,"description":"Click the Doanload App link in the header","durationMs":1754,"macroStack":["HeaderCheck"],"result":"passed","segment":1},{"action":"org.getopentest.selenium.AssertElementPresent","actorType":"WEB","args":{"locator":{"xpath":"//div[@class='cmp-title']/h1[contains(text(),'McDonald')]"}},"isCheckpoint":false,"description":"Verify that page title is present on the page","durationMs":38,"macroStack":["HeaderCheck"],"result":"passed","segment":1},{"action":"org.getopentest.selenium.AssertElementText","actorType":"WEB","args":{"caseInsensitive":true,"textContains":"McDonald's App","locator":{"xpath":"//div[@class='cmp-title']/h1[contains(text(),'McDonald')]"}},"isCheckpoint":false,"description":"Verify the \"product\" is MacBook","durationMs":52,"macroStack":["HeaderCheck"],"result":"passed","segment":1},{"action":"org.getopentest.base.MacroAction","actorType":"WEB","args":{},"isCheckpoint":false,"description":"HeaderCheck","durationMs":1877,"macro":"HeaderCheck","macroStack":[],"result":"passed","segment":1}],"currentIteration":1,"currentSegmentIndex":0,"isDataDriven":false,"name":"Verify Headers","path":"web","result":"passed","status":"completed","segments":[{"index":0,"result":"passed","status":"completed","timeStarted":1668419381052,"timeCompleted":1668419381065},{"index":1,"result":"passed","status":"completed","timeStarted":1668419381077,"timeCompleted":1668419389302}],"tags":[],"timeStarted":1668419381052,"timeCompleted":1668419389302}],"timeCreated":1668419377763,"timeStarted":1668419381052,"timeCompleted":1668419389302,"lastActivity":1668419389302,"_id":"9oIYgjxlzEZX2f0Z","actorTags":[],"environment":"","currentDataRecordIndex":-1}
{"id":1668422782,"actors":{"29086":{"id":29086,"lastSeenTime":1668422780055,"testSessionId":1668422782,"type":"WEB","tags":[],"_id":"ui1tvX0iIHEUuIDi","ip":"::ffff:127.0.0.1","tests":[{"currentSegmentIndex":1,"segments":[{"index":0,"status":"completed","timeStarted":1668422785921,"timeCompleted":1668422785932,"result":"passed"},{"index":1,"status":"completed","timeStarted":1668422785940,"timeCompleted":1668422803393,"result":"passed"}],"name":"Verify Headers","path":"web","timeCompleted":null,"timeStarted":1668422785921}]}},"maxIterations":"1","currentIteration":1,"currentTestIndex":1,"currentSegmentIndex":0,"label":"Test1 12","result":"passed","status":"completed","tests":[{"actions":[{"action":"org.getopentest.selenium.NavigateTo","actorType":"WEB","args":{"url":"https://www.mcdonalds.com/us/en-us.html"},"isCheckpoint":false,"description":"Navigate to the GitHub homepage","durationMs":8331,"macroStack":[],"result":"passed","segment":1},{"action":"org.getopentest.selenium.Click","actorType":"WEB","args":{"locator":{"xpath":"//div[@class='cmp-global-header__desktop-nav']//a[contains(text(),'Download App')]"}},"isCheckpoint":false,"description":"Click the Doanload App link in the header","durationMs":1638,"macroStack":["HeaderCheck"],"result":"passed","segment":1},{"action":"org.getopentest.selenium.AssertElementPresent","actorType":"WEB","args":{"locator":{"xpath":"//div[@class='cmp-title']/h1[contains(text(),'McDonald')]"}},"isCheckpoint":false,"description":"Verify that page title is present on the page","durationMs":36,"macroStack":["HeaderCheck"],"result":"passed","segment":1},{"action":"org.getopentest.selenium.AssertElementText","actorType":"WEB","args":{"caseInsensitive":true,"textContains":"McDonald's App","locator":{"xpath":"//div[@class='cmp-title']/h1[contains(text(),'McDonald')]"}},"isCheckpoint":false,"description":"Verify the \"product\" is MacBook","durationMs":57,"macroStack":["HeaderCheck"],"result":"passed","segment":1},{"action":"org.getopentest.selenium.Click","actorType":"WEB","args":{"locator":{"xpath":"//div[@class='cmp-global-header__desktop-nav']//a[contains(text(),'MyMcDonald')]"}},"isCheckpoint":false,"description":"Click the Download App link in the header","durationMs":2233,"macroStack":["HeaderCheck"],"result":"passed","segment":1},{"action":"org.getopentest.selenium.AssertElementPresent","actorType":"WEB","args":{"locator":{"xpath":"//div[@class='cmp-title']/h1[contains(text(),'Rewards')]"}},"isCheckpoint":false,"description":"Verify that page title is present on the page","durationMs":35,"macroStack":["HeaderCheck"],"result":"passed","segment":1},{"action":"org.getopentest.selenium.AssertElementText","actorType":"WEB","args":{"caseInsensitive":true,"textContains":"MyMcDonald’s Rewards","locator":{"xpath":"//div[@class='cmp-title']/h1[contains(text(),'Rewards')]"}},"isCheckpoint":false,"description":"Verify the \"product\" is MacBook","durationMs":50,"macroStack":["HeaderCheck"],"result":"passed","segment":1},{"action":"org.getopentest.selenium.Click","actorType":"WEB","args":{"locator":{"xpath":"//div[@class='cmp-global-header__desktop-nav']//a[contains(text(),'Exclusive Deals')]"}},"isCheckpoint":false,"description":"Click the Doanload App link in the header","durationMs":2872,"macroStack":["HeaderCheck"],"result":"passed","segment":1},{"action":"org.getopentest.selenium.AssertElementPresent","actorType":"WEB","args":{"locator":{"xpath":"//div[@class='cmp-title']/h1[contains(text(),'Exclusive')]"}},"isCheckpoint":false,"description":"Verify that page title is present on the page","durationMs":37,"macroStack":["HeaderCheck"],"result":"passed","segment":1},{"action":"org.getopentest.selenium.AssertElementText","actorType":"WEB","args":{"caseInsensitive":true,"textContains":"Exclusive McDonald's Deals","locator":{"xpath":"//div[@class='cmp-title']/h1[contains(text(),'Exclusive')]"}},"isCheckpoint":false,"description":"Verify the \"product\" is MacBook","durationMs":49,"macroStack":["HeaderCheck"],"result":"passed","segment":1},{"action":"org.getopentest.selenium.Click","actorType":"WEB","args":{"locator":{"xpath":"//div[@class='cmp-global-header__desktop-nav']//a[contains(text(),'About Our Food')]"}},"isCheckpoint":false,"description":"Click the Doanload App link in the header","durationMs":1878,"macroStack":["HeaderCheck"],"result":"passed","segment":1},{"action":"org.getopentest.selenium.AssertElementPresent","actorType":"WEB","args":{"locator":{"xpath":"//div[@class='cmp-title']/h1[contains(text(),'About')]"}},"isCheckpoint":false,"description":"Verify that page title is present on the page","durationMs":41,"macroStack":["HeaderCheck"],"result":"passed","segment":1},{"action":"org.getopentest.selenium.AssertElementText","actorType":"WEB","args":{"caseInsensitive":true,"textContains":"About Our Food","locator":{"xpath":"//div[@class='cmp-title']/h1[contains(text(),'About')]"}},"isCheckpoint":false,"description":"Verify the \"product\" is MacBook","durationMs":61,"macroStack":["HeaderCheck"],"result":"passed","segment":1},{"action":"org.getopentest.base.MacroAction","actorType":"WEB","args":{},"isCheckpoint":false,"description":"HeaderCheck","durationMs":9090,"macro":"HeaderCheck","macroStack":[],"result":"passed","segment":1}],"currentIteration":1,"currentSegmentIndex":0,"isDataDriven":false,"name":"Verify Headers","path":"web","result":"passed","status":"completed","segments":[{"index":0,"result":"passed","status":"completed","timeStarted":1668422785921,"timeCompleted":1668422785932},{"index":1,"result":"passed","status":"completed","timeStarted":1668422785940,"timeCompleted":1668422803393}],"tags":[],"timeStarted":1668422785921,"timeCompleted":1668422803393}],"timeCreated":1668422782427,"timeStarted":1668422785921,"timeCompleted":1668422803394,"lastActivity":1668422803392,"_id":"GCD4m2RDKg6NQiC0","actorTags":[],"environment":"","currentDataRecordIndex":-1}
{"id":1668419798,"actors":{"29086":{"id":29086,"lastSeenTime":1668419796700,"testSessionId":1668419798,"type":"WEB","tags":[],"_id":"ui1tvX0iIHEUuIDi","ip":"::ffff:127.0.0.1","tests":[{"currentSegmentIndex":1,"segments":[{"index":0,"status":"completed","timeStarted":1668419802152,"timeCompleted":1668419802164,"result":"passed"},{"index":1,"status":"completed","timeStarted":1668419802177,"timeCompleted":1668419830560,"result":"failed"}],"name":"Verify Headers","path":"web","timeCompleted":null,"timeStarted":1668419802152}]}},"maxIterations":"1","currentIteration":1,"currentTestIndex":1,"currentSegmentIndex":0,"label":"Test1 7","result":"failed","status":"completed","tests":[{"actions":[{"action":"org.getopentest.selenium.NavigateTo","actorType":"WEB","args":{"url":"https://www.mcdonalds.com/us/en-us.html"},"isCheckpoint":false,"description":"Navigate to the GitHub homepage","durationMs":8193,"macroStack":[],"result":"passed","segment":1},{"action":"org.getopentest.selenium.Click","actorType":"WEB","args":{"locator":{"xpath":"//div[@class='cmp-global-header__desktop-nav']//a[contains(text(),'Download App')]"}},"isCheckpoint":false,"description":"Click the Doanload App link in the header","durationMs":2129,"macroStack":["HeaderCheck"],"result":"passed","segment":1},{"action":"org.getopentest.selenium.AssertElementPresent","actorType":"WEB","args":{"locator":{"xpath":"//div[@class='cmp-title']/h1[contains(text(),'McDonald')]"}},"isCheckpoint":false,"description":"Verify that page title is present on the page","durationMs":37,"macroStack":["HeaderCheck"],"result":"passed","segment":1},{"action":"org.getopentest.selenium.AssertElementText","actorType":"WEB","args":{"caseInsensitive":true,"textContains":"McDonald's App","locator":{"xpath":"//div[@class='cmp-title']/h1[contains(text(),'McDonald')]"}},"isCheckpoint":false,"description":"Verify the \"product\" is MacBook","durationMs":53,"macroStack":["HeaderCheck"],"result":"passed","segment":1},{"action":"org.getopentest.selenium.Click","actorType":"WEB","args":{"locator":{"xpath":"//div[@class='cmp-global-header__desktop-nav']//a[contains(text(),'MyMcDonald')]"}},"isCheckpoint":false,"description":"Click the Download App link in the header","durationMs":2185,"macroStack":["HeaderCheck"],"result":"passed","segment":1},{"action":"org.getopentest.selenium.AssertElementPresent","actorType":"WEB","args":{"locator":{"xpath":"//div[@class='cmp-title']/h1[contains(text(),'Rewards')]"}},"isCheckpoint":false,"description":"Verify that page title is present on the page","durationMs":41,"macroStack":["HeaderCheck"],"result":"passed","segment":1},{"action":"org.getopentest.selenium.AssertElementText","actorType":"WEB","args":{"caseInsensitive":true,"textContains":"MyMcDonald’s Rewards","locator":{"xpath":"//div[@class='cmp-title']/h1[contains(text(),'McDonald')]"}},"isCheckpoint":false,"description":"Verify the \"product\" is MacBook","durationMs":54,"macroStack":["HeaderCheck"],"result":"passed","segment":1},{"action":"org.getopentest.selenium.Click","actorType":"WEB","args":{"locator":{"xpath":"//div[@class='cmp-global-header__desktop-nav']//a[contains(text(),'Exclusive Deals')]"}},"isCheckpoint":false,"description":"Click the Doanload App link in the header","durationMs":2711,"macroStack":["HeaderCheck"],"result":"passed","segment":1},{"action":"org.getopentest.selenium.AssertElementPresent","actorType":"WEB","args":{"locator":{"xpath":"//div[@class='cmp-title']/h1[contains(text(),'Exclusive')]"}},"isCheckpoint":false,"description":"Verify that page title is present on the page","durationMs":43,"macroStack":["HeaderCheck"],"result":"passed","segment":1},{"action":"org.getopentest.selenium.AssertElementText","actorType":"WEB","args":{"caseInsensitive":true,"textContains":"Exclusive McDonald's Deals","locator":{"xpath":"//div[@class='cmp-title']/h1[contains(text(),'McDonald')]"}},"isCheckpoint":false,"description":"Verify the \"product\" is MacBook","durationMs":51,"macroStack":["HeaderCheck"],"result":"passed","segment":1},{"action":"org.getopentest.selenium.Click","actorType":"WEB","args":{"locator":{"xpath":"//div[@class='cmp-global-header__desktop-nav']//a[contains(text(),'About Our Food')]"}},"isCheckpoint":false,"description":"Click the Doanload App link in the header","durationMs":1272,"macroStack":["HeaderCheck"],"result":"passed","segment":1},{"action":"org.getopentest.selenium.AssertElementPresent","actorType":"WEB","args":{"locator":{"xpath":"//div[@class='cmp-title']/h1[contains(text(),'About')]"}},"isCheckpoint":false,"description":"Verify that page title is present on the page","durationMs":46,"macroStack":["HeaderCheck"],"result":"passed","segment":1},{"action":"org.getopentest.selenium.AssertElementText","actorType":"WEB","args":{"caseInsensitive":true,"textContains":"About Our Food","locator":{"xpath":"//div[@class='cmp-title']/h1[contains(text(),'McDonald')]"}},"isCheckpoint":false,"description":"Verify the \"product\" is MacBook","durationMs":11460,"macroStack":["HeaderCheck"],"result":"failed","screenshot":"SID1668419798_WEB_T01_SG01_ST02_error.png","segment":1,"stackTrace":"java.lang.RuntimeException: org.openqa.selenium.TimeoutException: Expected condition failed: waiting for presence of element located by: By.xpath: //div[@class='cmp-title']/h1[contains(text(),'McDonald')] (tried for 10 second(s) with 500 milliseconds interval)\r\n\tat org.getopentest.base.TestActor.executeActionByClassName(TestActor.java:1670)\r\n\tat org.getopentest.base.TestActor.executeActionByDef(TestActor.java:1749)\r\n\tat org.getopentest.base.TestActor.executeMacroActionByDef(TestActor.java:1938)\r\n\tat org.getopentest.base.TestActor.executeMacroActionByName(TestActor.java:2013)\r\n\tat org.getopentest.base.TestActor.executeActionByDef(TestActor.java:1745)\r\n\tat org.getopentest.base.TestActor.executeTestSegment(TestActor.java:2092)\r\n\tat org.getopentest.base.TestActor.runOneSession(TestActor.java:3077)\r\n\tat org.getopentest.base.TestActor.runOneSession(TestActor.java:3113)\r\n\tat org.getopentest.Main.main(Main.java:20)\r\nCaused by: org.openqa.selenium.TimeoutException: Expected condition failed: waiting for presence of element located by: By.xpath: //div[@class='cmp-title']/h1[contains(text(),'McDonald')] (tried for 10 second(s) with 500 milliseconds interval)\r\n\tat org.openqa.selenium.support.ui.WebDriverWait.timeoutException(WebDriverWait.java:95)\r\n\tat org.openqa.selenium.support.ui.FluentWait.until(FluentWait.java:272)\r\n\tat org.getopentest.selenium.core.SeleniumTestAction.getElement(SeleniumTestAction.java:58)\r\n\tat org.getopentest.selenium.core.SeleniumTestAction.getElement(SeleniumTestAction.java:50)\r\n\tat org.getopentest.selenium.AssertElementText.run(AssertElementText.java:25)\r\n\tat org.getopentest.base.TestActor.executeAction(TestActor.java:1571)\r\n\tat org.getopentest.base.TestActor.executeActionByClassName(TestActor.java:1647)\r\n\t... 8 more\r\nCaused by: org.openqa.selenium.NoSuchElementException: no such element: Unable to locate element: {\"method\":\"xpath\",\"selector\":\"//div[@class='cmp-title']/h1[contains(text(),'McDonald')]\"}\n  (Session info: chrome=107.0.5304.107)\nFor documentation on this error, please visit: https://www.seleniumhq.org/exceptions/no_such_element.html\nBuild info: version: '3.141.59', revision: 'e82be7d358', time: '2018-11-14T08:17:03'\nSystem info: host: 'BRILAP4933', ip: '172.20.10.4', os.name: 'Windows 11', os.arch: 'amd64', os.version: '10.0', java.version: '11.0.17'\nDriver info: org.openqa.selenium.chrome.ChromeDriver\nCapabilities {acceptInsecureCerts: false, browserName: chrome, browserVersion: 107.0.5304.107, chrome: {chromedriverVersion: 106.0.5249.61 (511755355844..., userDataDir: C:\\Users\\DEEPES~1.RAG\\AppDa...}, goog:chromeOptions: {debuggerAddress: localhost:54511}, javascriptEnabled: true, networkConnectionEnabled: false, pageLoadStrategy: normal, platform: WINDOWS, platformName: WINDOWS, proxy: Proxy(), setWindowRect: true, strictFileInteractability: false, timeouts: {implicit: 0, pageLoad: 300000, script: 30000}, unhandledPromptBehavior: dismiss and notify, webauthn:extension:credBlob: true, webauthn:extension:largeBlob: true, webauthn:virtualAuthenticators: true}\nSession ID: f547ed7eabcba7d34b392fc235483550\n*** Element info: {Using=xpath, value=//div[@class='cmp-title']/h1[contains(text(),'McDonald')]}\r\n\tat jdk.internal.reflect.GeneratedConstructorAccessor12.newInstance(Unknown Source)\r\n\tat java.base/jdk.internal.reflect.DelegatingConstructorAccessorImpl.newInstance(DelegatingConstructorAccessorImpl.java:45)\r\n\tat java.base/java.lang.reflect.Constructor.newInstance(Constructor.java:490)\r\n\tat org.openqa.selenium.remote.http.W3CHttpResponseCodec.createException(W3CHttpResponseCodec.java:187)\r\n\tat org.openqa.selenium.remote.http.W3CHttpResponseCodec.decode(W3CHttpResponseCodec.java:122)\r\n\tat org.openqa.selenium.remote.http.W3CHttpResponseCodec.decode(W3CHttpResponseCodec.java:49)\r\n\tat org.openqa.selenium.remote.HttpCommandExecutor.execute(HttpCommandExecutor.java:158)\r\n\tat org.openqa.selenium.remote.service.DriverCommandExecutor.execute(DriverCommandExecutor.java:83)\r\n\tat org.openqa.selenium.remote.RemoteWebDriver.execute(RemoteWebDriver.java:552)\r\n\tat org.openqa.selenium.remote.RemoteWebDriver.findElement(RemoteWebDriver.java:323)\r\n\tat org.openqa.selenium.remote.RemoteWebDriver.findElementByXPath(RemoteWebDriver.java:428)\r\n\tat org.openqa.selenium.By$ByXPath.findElement(By.java:353)\r\n\tat org.openqa.selenium.remote.RemoteWebDriver.findElement(RemoteWebDriver.java:315)\r\n\tat org.openqa.selenium.support.ui.ExpectedConditions$6.apply(ExpectedConditions.java:182)\r\n\tat org.openqa.selenium.support.ui.ExpectedConditions$6.apply(ExpectedConditions.java:179)\r\n\tat org.openqa.selenium.support.ui.FluentWait.until(FluentWait.java:249)\r\n\t... 13 more\r\n"},{"action":"org.getopentest.base.MacroAction","actorType":"WEB","args":{},"isCheckpoint":false,"description":"HeaderCheck","durationMs":20153,"macro":"HeaderCheck","macroStack":[],"result":"failed","segment":1,"stackTrace":"java.lang.Exception: There was an error executing macro action HeaderCheck (no arguments were provided)\r\n\tat org.getopentest.base.TestActor.executeMacroActionByName(TestActor.java:2021)\r\n\tat org.getopentest.base.TestActor.executeActionByDef(TestActor.java:1745)\r\n\tat org.getopentest.base.TestActor.executeTestSegment(TestActor.java:2092)\r\n\tat org.getopentest.base.TestActor.runOneSession(TestActor.java:3077)\r\n\tat org.getopentest.base.TestActor.runOneSession(TestActor.java:3113)\r\n\tat org.getopentest.Main.main(Main.java:20)\r\nCaused by: java.lang.RuntimeException: There was an error while executing action no. 12 (org.getopentest.selenium.AssertElementText) in macro HeaderCheck.\nThe action definition was:\n{\n  \"action\": \"org.getopentest.selenium.AssertElementText\",\n  \"args\": {\n    \"locator\": {\n      \"xpath\": \"//div[@class='cmp-title']/h1[contains(text(),'McDonald')]\"\n    },\n    \"textContains\": \"About Our Food\",\n    \"caseInsensitive\": true\n  },\n  \"description\": \"Verify the \\\"product\\\" is MacBook\"\n}\r\n\tat org.getopentest.base.TestActor.executeMacroActionByDef(TestActor.java:1973)\r\n\tat org.getopentest.base.TestActor.executeMacroActionByName(TestActor.java:2013)\r\n\t... 5 more\r\nCaused by: java.lang.RuntimeException: Failed executing action org.getopentest.selenium.AssertElementText with arguments {\"caseInsensitive\":true,\"textContains\":\"About Our Food\",\"locator\":{\"xpath\":\"//div[@class='cmp-title']/h1[contains(text(),'McDonald')]\"}}\r\n\tat org.getopentest.base.TestActor.executeActionByDef(TestActor.java:1872)\r\n\tat org.getopentest.base.TestActor.executeMacroActionByDef(TestActor.java:1938)\r\n\t... 6 more\r\nCaused by: java.lang.RuntimeException: org.openqa.selenium.TimeoutException: Expected condition failed: waiting for presence of element located by: By.xpath: //div[@class='cmp-title']/h1[contains(text(),'McDonald')] (tried for 10 second(s) with 500 milliseconds interval)\r\n\tat org.getopentest.base.TestActor.executeActionByClassName(TestActor.java:1670)\r\n\tat org.getopentest.base.TestActor.executeActionByDef(TestActor.java:1749)\r\n\t... 7 more\r\nCaused by: org.openqa.selenium.TimeoutException: Expected condition failed: waiting for presence of element located by: By.xpath: //div[@class='cmp-title']/h1[contains(text(),'McDonald')] (tried for 10 second(s) with 500 milliseconds interval)\r\n\tat org.openqa.selenium.support.ui.WebDriverWait.timeoutException(WebDriverWait.java:95)\r\n\tat org.openqa.selenium.support.ui.FluentWait.until(FluentWait.java:272)\r\n\tat org.getopentest.selenium.core.SeleniumTestAction.getElement(SeleniumTestAction.java:58)\r\n\tat org.getopentest.selenium.core.SeleniumTestAction.getElement(SeleniumTestAction.java:50)\r\n\tat org.getopentest.selenium.AssertElementText.run(AssertElementText.java:25)\r\n\tat org.getopentest.base.TestActor.executeAction(TestActor.java:1571)\r\n\tat org.getopentest.base.TestActor.executeActionByClassName(TestActor.java:1647)\r\n\t... 8 more\r\nCaused by: org.openqa.selenium.NoSuchElementException: no such element: Unable to locate element: {\"method\":\"xpath\",\"selector\":\"//div[@class='cmp-title']/h1[contains(text(),'McDonald')]\"}\n  (Session info: chrome=107.0.5304.107)\nFor documentation on this error, please visit: https://www.seleniumhq.org/exceptions/no_such_element.html\nBuild info: version: '3.141.59', revision: 'e82be7d358', time: '2018-11-14T08:17:03'\nSystem info: host: 'BRILAP4933', ip: '172.20.10.4', os.name: 'Windows 11', os.arch: 'amd64', os.version: '10.0', java.version: '11.0.17'\nDriver info: org.openqa.selenium.chrome.ChromeDriver\nCapabilities {acceptInsecureCerts: false, browserName: chrome, browserVersion: 107.0.5304.107, chrome: {chromedriverVersion: 106.0.5249.61 (511755355844..., userDataDir: C:\\Users\\DEEPES~1.RAG\\AppDa...}, goog:chromeOptions: {debuggerAddress: localhost:54511}, javascriptEnabled: true, networkConnectionEnabled: false, pageLoadStrategy: normal, platform: WINDOWS, platformName: WINDOWS, proxy: Proxy(), setWindowRect: true, strictFileInteractability: false, timeouts: {implicit: 0, pageLoad: 300000, script: 30000}, unhandledPromptBehavior: dismiss and notify, webauthn:extension:credBlob: true, webauthn:extension:largeBlob: true, webauthn:virtualAuthenticators: true}\nSession ID: f547ed7eabcba7d34b392fc235483550\n*** Element info: {Using=xpath, value=//div[@class='cmp-title']/h1[contains(text(),'McDonald')]}\r\n\tat jdk.internal.reflect.GeneratedConstructorAccessor12.newInstance(Unknown Source)\r\n\tat java.base/jdk.internal.reflect.DelegatingConstructorAccessorImpl.newInstance(DelegatingConstructorAccessorImpl.java:45)\r\n\tat java.base/java.lang.reflect.Constructor.newInstance(Constructor.java:490)\r\n\tat org.openqa.selenium.remote.http.W3CHttpResponseCodec.createException(W3CHttpResponseCodec.java:187)\r\n\tat org.openqa.selenium.remote.http.W3CHttpResponseCodec.decode(W3CHttpResponseCodec.java:122)\r\n\tat org.openqa.selenium.remote.http.W3CHttpResponseCodec.decode(W3CHttpResponseCodec.java:49)\r\n\tat org.openqa.selenium.remote.HttpCommandExecutor.execute(HttpCommandExecutor.java:158)\r\n\tat org.openqa.selenium.remote.service.DriverCommandExecutor.execute(DriverCommandExecutor.java:83)\r\n\tat org.openqa.selenium.remote.RemoteWebDriver.execute(RemoteWebDriver.java:552)\r\n\tat org.openqa.selenium.remote.RemoteWebDriver.findElement(RemoteWebDriver.java:323)\r\n\tat org.openqa.selenium.remote.RemoteWebDriver.findElementByXPath(RemoteWebDriver.java:428)\r\n\tat org.openqa.selenium.By$ByXPath.findElement(By.java:353)\r\n\tat org.openqa.selenium.remote.RemoteWebDriver.findElement(RemoteWebDriver.java:315)\r\n\tat org.openqa.selenium.support.ui.ExpectedConditions$6.apply(ExpectedConditions.java:182)\r\n\tat org.openqa.selenium.support.ui.ExpectedConditions$6.apply(ExpectedConditions.java:179)\r\n\tat org.openqa.selenium.support.ui.FluentWait.until(FluentWait.java:249)\r\n\t... 13 more\r\n"}],"currentIteration":1,"currentSegmentIndex":0,"isDataDriven":false,"name":"Verify Headers","path":"web","result":"failed","status":"completed","segments":[{"index":0,"result":"passed","status":"completed","timeStarted":1668419802152,"timeCompleted":1668419802164},{"index":1,"result":"failed","status":"completed","timeStarted":1668419802177,"timeCompleted":1668419830560}],"tags":[],"timeStarted":1668419802152,"timeCompleted":1668419830560}],"timeCreated":1668419798240,"timeStarted":1668419802152,"timeCompleted":1668419830561,"lastActivity":1668419830560,"_id":"IbOSeyxVlrUz7aYw","actorTags":[],"environment":"","currentDataRecordIndex":-1}
{"id":1668419517,"actors":{"29086":{"id":29086,"lastSeenTime":1668419515792,"testSessionId":1668419517,"type":"WEB","tags":[],"_id":"ui1tvX0iIHEUuIDi","ip":"::ffff:127.0.0.1","tests":[{"currentSegmentIndex":1,"segments":[{"index":0,"status":"completed","timeStarted":1668419521221,"timeCompleted":1668419521235,"result":"passed"},{"index":1,"status":"completed","timeStarted":1668419521250,"timeCompleted":1668419542537,"result":"failed"}],"name":"Verify Headers","path":"web","timeCompleted":null,"timeStarted":1668419521221}]}},"maxIterations":"1","currentIteration":1,"currentTestIndex":1,"currentSegmentIndex":0,"label":"Test1 6","result":"failed","status":"completed","tests":[{"actions":[{"action":"org.getopentest.selenium.NavigateTo","actorType":"WEB","args":{"url":"https://www.mcdonalds.com/us/en-us.html"},"isCheckpoint":false,"description":"Navigate to the GitHub homepage","durationMs":7319,"macroStack":[],"result":"passed","segment":1},{"action":"org.getopentest.selenium.Click","actorType":"WEB","args":{"locator":{"xpath":"//div[@class='cmp-global-header__desktop-nav']//a[contains(text(),'Download App')]"}},"isCheckpoint":false,"description":"Click the Doanload App link in the header","durationMs":2281,"macroStack":["HeaderCheck"],"result":"passed","segment":1},{"action":"org.getopentest.selenium.AssertElementPresent","actorType":"WEB","args":{"locator":{"xpath":"//div[@class='cmp-title']/h1[contains(text(),'McDonald')]"}},"isCheckpoint":false,"description":"Verify that page title is present on the page","durationMs":36,"macroStack":["HeaderCheck"],"result":"passed","segment":1},{"action":"org.getopentest.selenium.AssertElementText","actorType":"WEB","args":{"caseInsensitive":true,"textContains":"Deepesh","locator":{"xpath":"//div[@class='cmp-title']/h1[contains(text(),'McDonald')]"}},"isCheckpoint":false,"description":"Verify the \"product\" is MacBook","durationMs":11592,"macroStack":["HeaderCheck"],"result":"failed","screenshot":"SID1668419517_WEB_T01_SG01_ST02_error.png","segment":1,"stackTrace":"java.lang.RuntimeException: org.openqa.selenium.TimeoutException: Expected condition failed: waiting for element text to contain: Deepesh (tried for 10 second(s) with 500 milliseconds interval)\nBuild info: version: '3.141.59', revision: 'e82be7d358', time: '2018-11-14T08:17:03'\nSystem info: host: 'BRILAP4933', ip: '172.20.10.4', os.name: 'Windows 11', os.arch: 'amd64', os.version: '10.0', java.version: '11.0.17'\nDriver info: org.openqa.selenium.chrome.ChromeDriver\nCapabilities {acceptInsecureCerts: false, browserName: chrome, browserVersion: 107.0.5304.107, chrome: {chromedriverVersion: 106.0.5249.61 (511755355844..., userDataDir: C:\\Users\\DEEPES~1.RAG\\AppDa...}, goog:chromeOptions: {debuggerAddress: localhost:54171}, javascriptEnabled: true, networkConnectionEnabled: false, pageLoadStrategy: normal, platform: WINDOWS, platformName: WINDOWS, proxy: Proxy(), setWindowRect: true, strictFileInteractability: false, timeouts: {implicit: 0, pageLoad: 300000, script: 30000}, unhandledPromptBehavior: dismiss and notify, webauthn:extension:credBlob: true, webauthn:extension:largeBlob: true, webauthn:virtualAuthenticators: true}\nSession ID: 4d479acced2f62098ec167061003d943\r\n\tat org.getopentest.base.TestActor.executeActionByClassName(TestActor.java:1670)\r\n\tat org.getopentest.base.TestActor.executeActionByDef(TestActor.java:1749)\r\n\tat org.getopentest.base.TestActor.executeMacroActionByDef(TestActor.java:1938)\r\n\tat org.getopentest.base.TestActor.executeMacroActionByName(TestActor.java:2013)\r\n\tat org.getopentest.base.TestActor.executeActionByDef(TestActor.java:1745)\r\n\tat org.getopentest.base.TestActor.executeTestSegment(TestActor.java:2092)\r\n\tat org.getopentest.base.TestActor.runOneSession(TestActor.java:3077)\r\n\tat org.getopentest.base.TestActor.runOneSession(TestActor.java:3113)\r\n\tat org.getopentest.Main.main(Main.java:20)\r\nCaused by: org.openqa.selenium.TimeoutException: Expected condition failed: waiting for element text to contain: Deepesh (tried for 10 second(s) with 500 milliseconds interval)\nBuild info: version: '3.141.59', revision: 'e82be7d358', time: '2018-11-14T08:17:03'\nSystem info: host: 'BRILAP4933', ip: '172.20.10.4', os.name: 'Windows 11', os.arch: 'amd64', os.version: '10.0', java.version: '11.0.17'\nDriver info: org.openqa.selenium.chrome.ChromeDriver\nCapabilities {acceptInsecureCerts: false, browserName: chrome, browserVersion: 107.0.5304.107, chrome: {chromedriverVersion: 106.0.5249.61 (511755355844..., userDataDir: C:\\Users\\DEEPES~1.RAG\\AppDa...}, goog:chromeOptions: {debuggerAddress: localhost:54171}, javascriptEnabled: true, networkConnectionEnabled: false, pageLoadStrategy: normal, platform: WINDOWS, platformName: WINDOWS, proxy: Proxy(), setWindowRect: true, strictFileInteractability: false, timeouts: {implicit: 0, pageLoad: 300000, script: 30000}, unhandledPromptBehavior: dismiss and notify, webauthn:extension:credBlob: true, webauthn:extension:largeBlob: true, webauthn:virtualAuthenticators: true}\nSession ID: 4d479acced2f62098ec167061003d943\r\n\tat org.openqa.selenium.support.ui.WebDriverWait.timeoutException(WebDriverWait.java:95)\r\n\tat org.openqa.selenium.support.ui.FluentWait.until(FluentWait.java:272)\r\n\tat org.getopentest.selenium.AssertElementText.run(AssertElementText.java:32)\r\n\tat org.getopentest.base.TestActor.executeAction(TestActor.java:1571)\r\n\tat org.getopentest.base.TestActor.executeActionByClassName(TestActor.java:1647)\r\n\t... 8 more\r\n"},{"action":"org.getopentest.base.MacroAction","actorType":"WEB","args":{},"isCheckpoint":false,"description":"HeaderCheck","durationMs":13940,"macro":"HeaderCheck","macroStack":[],"result":"failed","segment":1,"stackTrace":"java.lang.Exception: There was an error executing macro action HeaderCheck (no arguments were provided)\r\n\tat org.getopentest.base.TestActor.executeMacroActionByName(TestActor.java:2021)\r\n\tat org.getopentest.base.TestActor.executeActionByDef(TestActor.java:1745)\r\n\tat org.getopentest.base.TestActor.executeTestSegment(TestActor.java:2092)\r\n\tat org.getopentest.base.TestActor.runOneSession(TestActor.java:3077)\r\n\tat org.getopentest.base.TestActor.runOneSession(TestActor.java:3113)\r\n\tat org.getopentest.Main.main(Main.java:20)\r\nCaused by: java.lang.RuntimeException: There was an error while executing action no. 3 (org.getopentest.selenium.AssertElementText) in macro HeaderCheck.\nThe action definition was:\n{\n  \"action\": \"org.getopentest.selenium.AssertElementText\",\n  \"args\": {\n    \"locator\": {\n      \"xpath\": \"//div[@class='cmp-title']/h1[contains(text(),'McDonald')]\"\n    },\n    \"textContains\": \"Deepesh\",\n    \"caseInsensitive\": true\n  },\n  \"description\": \"Verify the \\\"product\\\" is MacBook\"\n}\r\n\tat org.getopentest.base.TestActor.executeMacroActionByDef(TestActor.java:1973)\r\n\tat org.getopentest.base.TestActor.executeMacroActionByName(TestActor.java:2013)\r\n\t... 5 more\r\nCaused by: java.lang.RuntimeException: Failed executing action org.getopentest.selenium.AssertElementText with arguments {\"caseInsensitive\":true,\"textContains\":\"Deepesh\",\"locator\":{\"xpath\":\"//div[@class='cmp-title']/h1[contains(text(),'McDonald')]\"}}\r\n\tat org.getopentest.base.TestActor.executeActionByDef(TestActor.java:1872)\r\n\tat org.getopentest.base.TestActor.executeMacroActionByDef(TestActor.java:1938)\r\n\t... 6 more\r\nCaused by: java.lang.RuntimeException: org.openqa.selenium.TimeoutException: Expected condition failed: waiting for element text to contain: Deepesh (tried for 10 second(s) with 500 milliseconds interval)\nBuild info: version: '3.141.59', revision: 'e82be7d358', time: '2018-11-14T08:17:03'\nSystem info: host: 'BRILAP4933', ip: '172.20.10.4', os.name: 'Windows 11', os.arch: 'amd64', os.version: '10.0', java.version: '11.0.17'\nDriver info: org.openqa.selenium.chrome.ChromeDriver\nCapabilities {acceptInsecureCerts: false, browserName: chrome, browserVersion: 107.0.5304.107, chrome: {chromedriverVersion: 106.0.5249.61 (511755355844..., userDataDir: C:\\Users\\DEEPES~1.RAG\\AppDa...}, goog:chromeOptions: {debuggerAddress: localhost:54171}, javascriptEnabled: true, networkConnectionEnabled: false, pageLoadStrategy: normal, platform: WINDOWS, platformName: WINDOWS, proxy: Proxy(), setWindowRect: true, strictFileInteractability: false, timeouts: {implicit: 0, pageLoad: 300000, script: 30000}, unhandledPromptBehavior: dismiss and notify, webauthn:extension:credBlob: true, webauthn:extension:largeBlob: true, webauthn:virtualAuthenticators: true}\nSession ID: 4d479acced2f62098ec167061003d943\r\n\tat org.getopentest.base.TestActor.executeActionByClassName(TestActor.java:1670)\r\n\tat org.getopentest.base.TestActor.executeActionByDef(TestActor.java:1749)\r\n\t... 7 more\r\nCaused by: org.openqa.selenium.TimeoutException: Expected condition failed: waiting for element text to contain: Deepesh (tried for 10 second(s) with 500 milliseconds interval)\nBuild info: version: '3.141.59', revision: 'e82be7d358', time: '2018-11-14T08:17:03'\nSystem info: host: 'BRILAP4933', ip: '172.20.10.4', os.name: 'Windows 11', os.arch: 'amd64', os.version: '10.0', java.version: '11.0.17'\nDriver info: org.openqa.selenium.chrome.ChromeDriver\nCapabilities {acceptInsecureCerts: false, browserName: chrome, browserVersion: 107.0.5304.107, chrome: {chromedriverVersion: 106.0.5249.61 (511755355844..., userDataDir: C:\\Users\\DEEPES~1.RAG\\AppDa...}, goog:chromeOptions: {debuggerAddress: localhost:54171}, javascriptEnabled: true, networkConnectionEnabled: false, pageLoadStrategy: normal, platform: WINDOWS, platformName: WINDOWS, proxy: Proxy(), setWindowRect: true, strictFileInteractability: false, timeouts: {implicit: 0, pageLoad: 300000, script: 30000}, unhandledPromptBehavior: dismiss and notify, webauthn:extension:credBlob: true, webauthn:extension:largeBlob: true, webauthn:virtualAuthenticators: true}\nSession ID: 4d479acced2f62098ec167061003d943\r\n\tat org.openqa.selenium.support.ui.WebDriverWait.timeoutException(WebDriverWait.java:95)\r\n\tat org.openqa.selenium.support.ui.FluentWait.until(FluentWait.java:272)\r\n\tat org.getopentest.selenium.AssertElementText.run(AssertElementText.java:32)\r\n\tat org.getopentest.base.TestActor.executeAction(TestActor.java:1571)\r\n\tat org.getopentest.base.TestActor.executeActionByClassName(TestActor.java:1647)\r\n\t... 8 more\r\n"}],"currentIteration":1,"currentSegmentIndex":0,"isDataDriven":false,"name":"Verify Headers","path":"web","result":"failed","status":"completed","segments":[{"index":0,"result":"passed","status":"completed","timeStarted":1668419521221,"timeCompleted":1668419521235},{"index":1,"result":"failed","status":"completed","timeStarted":1668419521250,"timeCompleted":1668419542537}],"tags":[],"timeStarted":1668419521221,"timeCompleted":1668419542537}],"timeCreated":1668419517066,"timeStarted":1668419521221,"timeCompleted":1668419542537,"lastActivity":1668419542536,"_id":"QGrvSB6aLuKkbneW","actorTags":[],"environment":"","currentDataRecordIndex":-1}
{"id":1668420396,"actors":{"29086":{"id":29086,"lastSeenTime":1668420393206,"testSessionId":1668420396,"type":"WEB","tags":[],"_id":"ui1tvX0iIHEUuIDi","ip":"::ffff:127.0.0.1","tests":[{"currentSegmentIndex":1,"segments":[{"index":0,"status":"completed","timeStarted":1668420398460,"timeCompleted":1668420398472,"result":"passed"},{"index":1,"status":"completed","timeStarted":1668420398481,"timeCompleted":1668420413699,"result":"passed"}],"name":"Verify Headers","path":"web","timeCompleted":null,"timeStarted":1668420398460}]}},"maxIterations":"1","currentIteration":1,"currentTestIndex":1,"currentSegmentIndex":0,"label":"Test1 11","result":"passed","status":"completed","tests":[{"actions":[{"action":"org.getopentest.selenium.NavigateTo","actorType":"WEB","args":{"url":"https://www.mcdonalds.com/us/en-us.html"},"isCheckpoint":false,"description":"Navigate to the GitHub homepage","durationMs":6688,"macroStack":[],"result":"passed","segment":1},{"action":"org.getopentest.selenium.Click","actorType":"WEB","args":{"locator":{"xpath":"//div[@class='cmp-global-header__desktop-nav']//a[contains(text(),'Download App')]"}},"isCheckpoint":false,"description":"Click the Doanload App link in the header","durationMs":1619,"macroStack":["HeaderCheck"],"result":"passed","segment":1},{"action":"org.getopentest.selenium.AssertElementPresent","actorType":"WEB","args":{"locator":{"xpath":"//div[@class='cmp-title']/h1[contains(text(),'McDonald')]"}},"isCheckpoint":false,"description":"Verify that page title is present on the page","durationMs":31,"macroStack":["HeaderCheck"],"result":"passed","segment":1},{"action":"org.getopentest.selenium.AssertElementText","actorType":"WEB","args":{"caseInsensitive":true,"textContains":"McDonald's App","locator":{"xpath":"//div[@class='cmp-title']/h1[contains(text(),'McDonald')]"}},"isCheckpoint":false,"description":"Verify the \"product\" is MacBook","durationMs":46,"macroStack":["HeaderCheck"],"result":"passed","segment":1},{"action":"org.getopentest.selenium.Click","actorType":"WEB","args":{"locator":{"xpath":"//div[@class='cmp-global-header__desktop-nav']//a[contains(text(),'MyMcDonald')]"}},"isCheckpoint":false,"description":"Click the Download App link in the header","durationMs":2693,"macroStack":["HeaderCheck"],"result":"passed","segment":1},{"action":"org.getopentest.selenium.AssertElementPresent","actorType":"WEB","args":{"locator":{"xpath":"//div[@class='cmp-title']/h1[contains(text(),'Rewards')]"}},"isCheckpoint":false,"description":"Verify that page title is present on the page","durationMs":28,"macroStack":["HeaderCheck"],"result":"passed","segment":1},{"action":"org.getopentest.selenium.AssertElementText","actorType":"WEB","args":{"caseInsensitive":true,"textContains":"MyMcDonald’s Rewards","locator":{"xpath":"//div[@class='cmp-title']/h1[contains(text(),'Rewards')]"}},"isCheckpoint":false,"description":"Verify the \"product\" is MacBook","durationMs":58,"macroStack":["HeaderCheck"],"result":"passed","segment":1},{"action":"org.getopentest.selenium.Click","actorType":"WEB","args":{"locator":{"xpath":"//div[@class='cmp-global-header__desktop-nav']//a[contains(text(),'Exclusive Deals')]"}},"isCheckpoint":false,"description":"Click the Doanload App link in the header","durationMs":2454,"macroStack":["HeaderCheck"],"result":"passed","segment":1},{"action":"org.getopentest.selenium.AssertElementPresent","actorType":"WEB","args":{"locator":{"xpath":"//div[@class='cmp-title']/h1[contains(text(),'Exclusive')]"}},"isCheckpoint":false,"description":"Verify that page title is present on the page","durationMs":33,"macroStack":["HeaderCheck"],"result":"passed","segment":1},{"action":"org.getopentest.selenium.AssertElementText","actorType":"WEB","args":{"caseInsensitive":true,"textContains":"Exclusive McDonald's Deals","locator":{"xpath":"//div[@class='cmp-title']/h1[contains(text(),'Exclusive')]"}},"isCheckpoint":false,"description":"Verify the \"product\" is MacBook","durationMs":47,"macroStack":["HeaderCheck"],"result":"passed","segment":1},{"action":"org.getopentest.selenium.Click","actorType":"WEB","args":{"locator":{"xpath":"//div[@class='cmp-global-header__desktop-nav']//a[contains(text(),'About Our Food')]"}},"isCheckpoint":false,"description":"Click the Doanload App link in the header","durationMs":1327,"macroStack":["HeaderCheck"],"result":"passed","segment":1},{"action":"org.getopentest.selenium.AssertElementPresent","actorType":"WEB","args":{"locator":{"xpath":"//div[@class='cmp-title']/h1[contains(text(),'About')]"}},"isCheckpoint":false,"description":"Verify that page title is present on the page","durationMs":37,"macroStack":["HeaderCheck"],"result":"passed","segment":1},{"action":"org.getopentest.selenium.AssertElementText","actorType":"WEB","args":{"caseInsensitive":true,"textContains":"About Our Food","locator":{"xpath":"//div[@class='cmp-title']/h1[contains(text(),'About')]"}},"isCheckpoint":false,"description":"Verify the \"product\" is MacBook","durationMs":47,"macroStack":["HeaderCheck"],"result":"passed","segment":1},{"action":"org.getopentest.base.MacroAction","actorType":"WEB","args":{},"isCheckpoint":false,"description":"HeaderCheck","durationMs":8498,"macro":"HeaderCheck","macroStack":[],"result":"passed","segment":1}],"currentIteration":1,"currentSegmentIndex":0,"isDataDriven":false,"name":"Verify Headers","path":"web","result":"passed","status":"completed","segments":[{"index":0,"result":"passed","status":"completed","timeStarted":1668420398460,"timeCompleted":1668420398472},{"index":1,"result":"passed","status":"completed","timeStarted":1668420398481,"timeCompleted":1668420413699}],"tags":[],"timeStarted":1668420398460,"timeCompleted":1668420413699}],"timeCreated":1668420395537,"timeStarted":1668420398460,"timeCompleted":1668420413699,"lastActivity":1668420413699,"_id":"Vu8LRhzoaPNqlS3n","actorTags":[],"environment":"","currentDataRecordIndex":-1}
{"id":1668418926,"actors":{"29086":{"id":29086,"lastSeenTime":1668418923650,"testSessionId":1668418926,"type":"WEB","tags":[],"_id":"ui1tvX0iIHEUuIDi","ip":"::ffff:127.0.0.1","tests":[{"currentSegmentIndex":1,"segments":[{"index":0,"status":"completed","timeStarted":1668418929776,"timeCompleted":1668418929791,"result":"passed"},{"index":1,"status":"completed","timeStarted":1668418929807,"timeCompleted":1668418934400,"result":"failed"}],"name":"Verify Headers","path":"web","timeCompleted":null,"timeStarted":1668418929776}]}},"maxIterations":"1","currentIteration":1,"currentTestIndex":1,"currentSegmentIndex":0,"label":"Test1","result":"failed","status":"completed","tests":[{"actions":[{"action":"org.getopentest.selenium.NavigateTo","actorType":"WEB","args":{},"isCheckpoint":false,"description":"Navigate to the GitHub homepage","durationMs":4501,"macroStack":[],"result":"failed","screenshot":"SID1668418926_WEB_T01_SG01_ST01_error.png","segment":1,"stackTrace":"java.lang.RuntimeException: java.lang.NullPointerException: null value in entry: url=null\r\n\tat org.getopentest.base.TestActor.executeActionByClassName(TestActor.java:1670)\r\n\tat org.getopentest.base.TestActor.executeActionByDef(TestActor.java:1749)\r\n\tat org.getopentest.base.TestActor.executeTestSegment(TestActor.java:2092)\r\n\tat org.getopentest.base.TestActor.runOneSession(TestActor.java:3077)\r\n\tat org.getopentest.base.TestActor.runOneSession(TestActor.java:3113)\r\n\tat org.getopentest.Main.main(Main.java:20)\r\nCaused by: java.lang.NullPointerException: null value in entry: url=null\r\n\tat com.google.common.collect.CollectPreconditions.checkEntryNotNull(CollectPreconditions.java:34)\r\n\tat com.google.common.collect.SingletonImmutableBiMap.<init>(SingletonImmutableBiMap.java:42)\r\n\tat com.google.common.collect.ImmutableBiMap.of(ImmutableBiMap.java:73)\r\n\tat com.google.common.collect.ImmutableMap.of(ImmutableMap.java:123)\r\n\tat org.openqa.selenium.remote.RemoteWebDriver.get(RemoteWebDriver.java:277)\r\n\tat org.getopentest.selenium.NavigateTo.run(NavigateTo.java:15)\r\n\tat org.getopentest.base.TestActor.executeAction(TestActor.java:1571)\r\n\tat org.getopentest.base.TestActor.executeActionByClassName(TestActor.java:1647)\r\n\t... 5 more\r\n"}],"currentIteration":1,"currentSegmentIndex":0,"isDataDriven":false,"name":"Verify Headers","path":"web","result":"failed","status":"completed","segments":[{"index":0,"result":"passed","status":"completed","timeStarted":1668418929776,"timeCompleted":1668418929791},{"index":1,"result":"failed","status":"completed","timeStarted":1668418929807,"timeCompleted":1668418934400}],"tags":[],"timeStarted":1668418929776,"timeCompleted":1668418934400}],"timeCreated":1668418925692,"timeStarted":1668418929776,"timeCompleted":1668418934400,"lastActivity":1668418934400,"_id":"W50icB1KTr2NcxEa","actorTags":[],"environment":"","currentDataRecordIndex":-1}
{"id":1668419002,"actors":{"29086":{"id":29086,"lastSeenTime":1668418999015,"testSessionId":1668419002,"type":"WEB","tags":[],"_id":"ui1tvX0iIHEUuIDi","ip":"::ffff:127.0.0.1","tests":[{"currentSegmentIndex":1,"segments":[{"index":0,"status":"completed","timeStarted":1668419004337,"timeCompleted":1668419004349,"result":"passed"},{"index":1,"status":"completed","timeStarted":1668419004364,"timeCompleted":1668419021466,"result":"passed"}],"name":"Verify Headers","path":"web","timeCompleted":null,"timeStarted":1668419004337}]}},"maxIterations":"1","currentIteration":1,"currentTestIndex":1,"currentSegmentIndex":0,"label":"Test1 3","result":"passed","status":"completed","tests":[{"actions":[{"action":"org.getopentest.selenium.NavigateTo","actorType":"WEB","args":{"url":"https://www.mcdonalds.com/us/en-us.html"},"isCheckpoint":false,"description":"Navigate to the GitHub homepage","durationMs":7488,"macroStack":[],"result":"passed","segment":1},{"action":"org.getopentest.selenium.Click","actorType":"WEB","args":{"locator":{"xpath":"//div[@class='cmp-global-header__desktop-nav']//a[contains(text(),'Download App')]"}},"isCheckpoint":false,"description":"Click the Doanload App link in the header","durationMs":1692,"macroStack":["HeaderCheck"],"result":"passed","segment":1},{"action":"org.getopentest.selenium.AssertElementPresent","actorType":"WEB","args":{"locator":{"xpath":"//div[@class='cmp-title']/h1[contains(text(),'McDonald')]"}},"isCheckpoint":false,"description":"Verify that page title is present on the page","durationMs":44,"macroStack":["HeaderCheck"],"result":"passed","segment":1},{"action":"org.getopentest.selenium.Click","actorType":"WEB","args":{"locator":{"xpath":"//div[@class='cmp-global-header__desktop-nav']//a[contains(text(),'MyMcDonald')]"}},"isCheckpoint":false,"description":"Click the Doanload App link in the header","durationMs":3034,"macroStack":["HeaderCheck"],"result":"passed","segment":1},{"action":"org.getopentest.selenium.AssertElementPresent","actorType":"WEB","args":{"locator":{"xpath":"//div[@class='cmp-title']/h1[contains(text(),'Rewards')]"}},"isCheckpoint":false,"description":"Verify that page title is present on the page","durationMs":35,"macroStack":["HeaderCheck"],"result":"passed","segment":1},{"action":"org.getopentest.selenium.Click","actorType":"WEB","args":{"locator":{"xpath":"//div[@class='cmp-global-header__desktop-nav']//a[contains(text(),'Exclusive Deals')]"}},"isCheckpoint":false,"description":"Click the Doanload App link in the header","durationMs":3085,"macroStack":["HeaderCheck"],"result":"passed","segment":1},{"action":"org.getopentest.selenium.AssertElementPresent","actorType":"WEB","args":{"locator":{"xpath":"//div[@class='cmp-title']/h1[contains(text(),'Exclusive')]"}},"isCheckpoint":false,"description":"Verify that page title is present on the page","durationMs":44,"macroStack":["HeaderCheck"],"result":"passed","segment":1},{"action":"org.getopentest.selenium.Click","actorType":"WEB","args":{"locator":{"xpath":"//div[@class='cmp-global-header__desktop-nav']//a[contains(text(),'About Our Food')]"}},"isCheckpoint":false,"description":"Click the Doanload App link in the header","durationMs":1427,"macroStack":["HeaderCheck"],"result":"passed","segment":1},{"action":"org.getopentest.selenium.AssertElementPresent","actorType":"WEB","args":{"locator":{"xpath":"//div[@class='cmp-title']/h1[contains(text(),'About')]"}},"isCheckpoint":false,"description":"Verify that page title is present on the page","durationMs":55,"macroStack":["HeaderCheck"],"result":"passed","segment":1},{"action":"org.getopentest.base.MacroAction","actorType":"WEB","args":{},"isCheckpoint":false,"description":"HeaderCheck","durationMs":9514,"macro":"HeaderCheck","macroStack":[],"result":"passed","segment":1}],"currentIteration":1,"currentSegmentIndex":0,"isDataDriven":false,"name":"Verify Headers","path":"web","result":"passed","status":"completed","segments":[{"index":0,"result":"passed","status":"completed","timeStarted":1668419004337,"timeCompleted":1668419004349},{"index":1,"result":"passed","status":"completed","timeStarted":1668419004364,"timeCompleted":1668419021466}],"tags":[],"timeStarted":1668419004337,"timeCompleted":1668419021466}],"timeCreated":1668419002269,"timeStarted":1668419004337,"timeCompleted":1668419021467,"lastActivity":1668419021465,"_id":"hOBgMzV7Rl4gwFZS","actorTags":[],"environment":"","currentDataRecordIndex":-1}
{"id":1668420242,"actors":{"29086":{"id":29086,"lastSeenTime":1668420237824,"testSessionId":1668420242,"type":"WEB","tags":[],"_id":"ui1tvX0iIHEUuIDi","ip":"::ffff:127.0.0.1","tests":[{"currentSegmentIndex":1,"segments":[{"index":0,"status":"completed","timeStarted":1668420243055,"timeCompleted":1668420243064,"result":"passed"},{"index":1,"status":"completed","timeStarted":1668420243075,"timeCompleted":1668420253858,"result":"failed"}],"name":"Verify Headers","path":"web","timeCompleted":null,"timeStarted":1668420243055}]}},"maxIterations":"1","currentIteration":1,"currentTestIndex":1,"currentSegmentIndex":0,"label":"Test1 9","result":"failed","status":"completed","tests":[{"actions":[{"action":"org.getopentest.selenium.NavigateTo","actorType":"WEB","args":{"url":"https://www.mcdonalds.com/us/en-us.html"},"isCheckpoint":false,"description":"Navigate to the GitHub homepage","durationMs":7771,"macroStack":[],"result":"passed","segment":1},{"action":"org.getopentest.selenium.Click","actorType":"WEB","args":{"locator":{"xpath":"//div[@class='cmp-global-header__desktop-nav']//a[contains(text(),'Download App')]"}},"isCheckpoint":false,"description":"Click the Doanload App link in the header","durationMs":1572,"macroStack":["HeaderCheck"],"result":"passed","segment":1},{"action":"org.getopentest.selenium.AssertElementPresent","actorType":"WEB","args":{"locator":{"xpath":"//div[@class='cmp-title']/h1[contains(text(),'McDonald')]"}},"isCheckpoint":false,"description":"Verify that page title is present on the page","durationMs":87,"macroStack":["HeaderCheck"],"result":"passed","segment":1},{"action":"org.getopentest.selenium.AssertElementText","actorType":"WEB","args":{"caseInsensitive":true,"locator":{"xpath":"//div[@class='cmp-title']/h1[contains(text(),'McDonald')]"}},"isCheckpoint":false,"description":"Verify the \"product\" is MacBook","durationMs":1278,"macroStack":["HeaderCheck"],"result":"failed","screenshot":"SID1668420242_WEB_T01_SG01_ST02_error.png","segment":1,"stackTrace":"java.lang.RuntimeException: java.lang.RuntimeException: You must provide at least one of the following arguments: text, textContains, textMatches.\r\n\tat org.getopentest.base.TestActor.executeActionByClassName(TestActor.java:1670)\r\n\tat org.getopentest.base.TestActor.executeActionByDef(TestActor.java:1749)\r\n\tat org.getopentest.base.TestActor.executeMacroActionByDef(TestActor.java:1938)\r\n\tat org.getopentest.base.TestActor.executeMacroActionByName(TestActor.java:2013)\r\n\tat org.getopentest.base.TestActor.executeActionByDef(TestActor.java:1745)\r\n\tat org.getopentest.base.TestActor.executeTestSegment(TestActor.java:2092)\r\n\tat org.getopentest.base.TestActor.runOneSession(TestActor.java:3077)\r\n\tat org.getopentest.base.TestActor.runOneSession(TestActor.java:3113)\r\n\tat org.getopentest.Main.main(Main.java:20)\r\nCaused by: java.lang.RuntimeException: You must provide at least one of the following arguments: text, textContains, textMatches.\r\n\tat org.getopentest.selenium.AssertElementText.run(AssertElementText.java:36)\r\n\tat org.getopentest.base.TestActor.executeAction(TestActor.java:1571)\r\n\tat org.getopentest.base.TestActor.executeActionByClassName(TestActor.java:1647)\r\n\t... 8 more\r\n"},{"action":"org.getopentest.base.MacroAction","actorType":"WEB","args":{},"isCheckpoint":false,"description":"HeaderCheck","durationMs":2981,"macro":"HeaderCheck","macroStack":[],"result":"failed","segment":1,"stackTrace":"java.lang.Exception: There was an error executing macro action HeaderCheck (no arguments were provided)\r\n\tat org.getopentest.base.TestActor.executeMacroActionByName(TestActor.java:2021)\r\n\tat org.getopentest.base.TestActor.executeActionByDef(TestActor.java:1745)\r\n\tat org.getopentest.base.TestActor.executeTestSegment(TestActor.java:2092)\r\n\tat org.getopentest.base.TestActor.runOneSession(TestActor.java:3077)\r\n\tat org.getopentest.base.TestActor.runOneSession(TestActor.java:3113)\r\n\tat org.getopentest.Main.main(Main.java:20)\r\nCaused by: java.lang.RuntimeException: There was an error while executing action no. 3 (org.getopentest.selenium.AssertElementText) in macro HeaderCheck.\nThe action definition was:\n{\n  \"action\": \"org.getopentest.selenium.AssertElementText\",\n  \"args\": {\n    \"locator\": {\n      \"xpath\": \"//div[@class='cmp-title']/h1[contains(text(),'McDonald')]\"\n    },\n    \"caseInsensitive\": true\n  },\n  \"description\": \"Verify the \\\"product\\\" is MacBook\"\n}\r\n\tat org.getopentest.base.TestActor.executeMacroActionByDef(TestActor.java:1973)\r\n\tat org.getopentest.base.TestActor.executeMacroActionByName(TestActor.java:2013)\r\n\t... 5 more\r\nCaused by: java.lang.RuntimeException: Failed executing action org.getopentest.selenium.AssertElementText with arguments {\"caseInsensitive\":true,\"textContains\":null,\"locator\":{\"xpath\":\"//div[@class='cmp-title']/h1[contains(text(),'McDonald')]\"}}\r\n\tat org.getopentest.base.TestActor.executeActionByDef(TestActor.java:1872)\r\n\tat org.getopentest.base.TestActor.executeMacroActionByDef(TestActor.java:1938)\r\n\t... 6 more\r\nCaused by: java.lang.RuntimeException: java.lang.RuntimeException: You must provide at least one of the following arguments: text, textContains, textMatches.\r\n\tat org.getopentest.base.TestActor.executeActionByClassName(TestActor.java:1670)\r\n\tat org.getopentest.base.TestActor.executeActionByDef(TestActor.java:1749)\r\n\t... 7 more\r\nCaused by: java.lang.RuntimeException: You must provide at least one of the following arguments: text, textContains, textMatches.\r\n\tat org.getopentest.selenium.AssertElementText.run(AssertElementText.java:36)\r\n\tat org.getopentest.base.TestActor.executeAction(TestActor.java:1571)\r\n\tat org.getopentest.base.TestActor.executeActionByClassName(TestActor.java:1647)\r\n\t... 8 more\r\n"}],"currentIteration":1,"currentSegmentIndex":0,"isDataDriven":false,"name":"Verify Headers","path":"web","result":"failed","status":"completed","segments":[{"index":0,"result":"passed","status":"completed","timeStarted":1668420243055,"timeCompleted":1668420243064},{"index":1,"result":"failed","status":"completed","timeStarted":1668420243075,"timeCompleted":1668420253858}],"tags":[],"timeStarted":1668420243055,"timeCompleted":1668420253858}],"timeCreated":1668420241650,"timeStarted":1668420243055,"timeCompleted":1668420253858,"lastActivity":1668420253857,"_id":"t3Kco3MDj6Xuz908","actorTags":[],"environment":"","currentDataRecordIndex":-1}
{"id":1668418967,"actors":{"29086":{"id":29086,"lastSeenTime":1668418963901,"testSessionId":1668418967,"type":"WEB","tags":[],"_id":"ui1tvX0iIHEUuIDi","ip":"::ffff:127.0.0.1","tests":[{"currentSegmentIndex":1,"segments":[{"index":0,"status":"completed","timeStarted":1668418969341,"timeCompleted":1668418969355,"result":"passed"},{"index":1,"status":"completed","timeStarted":1668418969369,"timeCompleted":1668418972552,"result":"failed"}],"name":"Verify Headers","path":"web","timeCompleted":null,"timeStarted":1668418969341}]}},"maxIterations":"1","currentIteration":1,"currentTestIndex":1,"currentSegmentIndex":0,"label":"Test1 2","result":"failed","status":"completed","tests":[{"actions":[{"action":"org.getopentest.selenium.NavigateTo","actorType":"WEB","args":{},"isCheckpoint":false,"description":"Navigate to the GitHub homepage","durationMs":3157,"macroStack":[],"result":"failed","screenshot":"SID1668418967_WEB_T01_SG01_ST01_error.png","segment":1,"stackTrace":"java.lang.RuntimeException: java.lang.NullPointerException: null value in entry: url=null\r\n\tat org.getopentest.base.TestActor.executeActionByClassName(TestActor.java:1670)\r\n\tat org.getopentest.base.TestActor.executeActionByDef(TestActor.java:1749)\r\n\tat org.getopentest.base.TestActor.executeTestSegment(TestActor.java:2092)\r\n\tat org.getopentest.base.TestActor.runOneSession(TestActor.java:3077)\r\n\tat org.getopentest.base.TestActor.runOneSession(TestActor.java:3113)\r\n\tat org.getopentest.Main.main(Main.java:20)\r\nCaused by: java.lang.NullPointerException: null value in entry: url=null\r\n\tat com.google.common.collect.CollectPreconditions.checkEntryNotNull(CollectPreconditions.java:34)\r\n\tat com.google.common.collect.SingletonImmutableBiMap.<init>(SingletonImmutableBiMap.java:42)\r\n\tat com.google.common.collect.ImmutableBiMap.of(ImmutableBiMap.java:73)\r\n\tat com.google.common.collect.ImmutableMap.of(ImmutableMap.java:123)\r\n\tat org.openqa.selenium.remote.RemoteWebDriver.get(RemoteWebDriver.java:277)\r\n\tat org.getopentest.selenium.NavigateTo.run(NavigateTo.java:15)\r\n\tat org.getopentest.base.TestActor.executeAction(TestActor.java:1571)\r\n\tat org.getopentest.base.TestActor.executeActionByClassName(TestActor.java:1647)\r\n\t... 5 more\r\n"}],"currentIteration":1,"currentSegmentIndex":0,"isDataDriven":false,"name":"Verify Headers","path":"web","result":"failed","status":"completed","segments":[{"index":0,"result":"passed","status":"completed","timeStarted":1668418969341,"timeCompleted":1668418969355},{"index":1,"result":"failed","status":"completed","timeStarted":1668418969369,"timeCompleted":1668418972552}],"tags":[],"timeStarted":1668418969341,"timeCompleted":1668418972552}],"timeCreated":1668418967372,"timeStarted":1668418969341,"timeCompleted":1668418972552,"lastActivity":1668418972552,"_id":"tAzkzFsq7vNsI1vg","actorTags":[],"environment":"","currentDataRecordIndex":-1}
{"id":1668420349,"actors":{"29086":{"id":29086,"lastSeenTime":1668420348124,"testSessionId":1668420349,"type":"WEB","tags":[],"_id":"ui1tvX0iIHEUuIDi","ip":"::ffff:127.0.0.1","tests":[{"currentSegmentIndex":1,"segments":[{"index":0,"status":"completed","timeStarted":1668420353701,"timeCompleted":1668420353716,"result":"passed"},{"index":1,"status":"completed","timeStarted":1668420353726,"timeCompleted":1668420362417,"result":"failed"}],"name":"Verify Headers","path":"web","timeCompleted":null,"timeStarted":1668420353701}]}},"maxIterations":"1","currentIteration":1,"currentTestIndex":1,"currentSegmentIndex":0,"label":"Test1 10","result":"failed","status":"completed","tests":[{"actions":[{"action":"org.getopentest.selenium.NavigateTo","actorType":"WEB","args":{"url":"https://www.mcdonalds.com/us/en-us.html"},"isCheckpoint":false,"description":"Navigate to the GitHub homepage","durationMs":7032,"macroStack":[],"result":"passed","segment":1},{"action":"org.getopentest.selenium.Click","actorType":"WEB","args":{"locator":{"xpath":"//div[@class='cmp-global-header__desktop-nav']//a[contains(text(),'Download App')]"}},"isCheckpoint":false,"description":"Click the Doanload App link in the header","durationMs":1523,"macroStack":["HeaderCheck"],"result":"passed","segment":1},{"action":"org.getopentest.selenium.AssertElementPresent","actorType":"WEB","args":{"locator":{"xpath":"//div[@class='cmp-title']/h1[contains(text(),'McDonald')]"}},"isCheckpoint":false,"description":"Verify that page title is present on the page","durationMs":55,"macroStack":["HeaderCheck"],"result":"passed","segment":1},{"actorType":"WEB","isCheckpoint":false,"durationMs":0,"macroStack":["HeaderCheck"],"result":"failed","segment":1,"stackTrace":"java.lang.RuntimeException: There was an error while evaluating property \"textContains\"\r\n\tat org.getopentest.base.TestActor.evalObject(TestActor.java:1398)\r\n\tat org.getopentest.base.TestActor.executeActionByDef(TestActor.java:1699)\r\n\tat org.getopentest.base.TestActor.executeMacroActionByDef(TestActor.java:1938)\r\n\tat org.getopentest.base.TestActor.executeMacroActionByName(TestActor.java:2013)\r\n\tat org.getopentest.base.TestActor.executeActionByDef(TestActor.java:1745)\r\n\tat org.getopentest.base.TestActor.executeTestSegment(TestActor.java:2092)\r\n\tat org.getopentest.base.TestActor.runOneSession(TestActor.java:3077)\r\n\tat org.getopentest.base.TestActor.runOneSession(TestActor.java:3113)\r\n\tat org.getopentest.Main.main(Main.java:20)\r\nCaused by: java.lang.RuntimeException: Failed to evaluate JavaScript code at line number ?. The script content was: \n$data(\"Config\").PageHeading.DownloadApp\r\n\tat org.getopentest.base.TestActor.evalScript(TestActor.java:1490)\r\n\tat org.getopentest.base.TestActor.evalString(TestActor.java:1515)\r\n\tat org.getopentest.base.TestActor.evalObject(TestActor.java:1438)\r\n\tat org.getopentest.base.TestActor.evalObject(TestActor.java:1395)\r\n\t... 8 more\r\nCaused by: javax.script.ScriptException: TypeError: Cannot read property \"DownloadApp\" from undefined in <eval> at line number 1\r\n\tat jdk.scripting.nashorn/jdk.nashorn.api.scripting.NashornScriptEngine.throwAsScriptException(NashornScriptEngine.java:477)\r\n\tat jdk.scripting.nashorn/jdk.nashorn.api.scripting.NashornScriptEngine.evalImpl(NashornScriptEngine.java:461)\r\n\tat jdk.scripting.nashorn/jdk.nashorn.api.scripting.NashornScriptEngine.evalImpl(NashornScriptEngine.java:413)\r\n\tat jdk.scripting.nashorn/jdk.nashorn.api.scripting.NashornScriptEngine.evalImpl(NashornScriptEngine.java:409)\r\n\tat jdk.scripting.nashorn/jdk.nashorn.api.scripting.NashornScriptEngine.eval(NashornScriptEngine.java:162)\r\n\tat java.scripting/javax.script.AbstractScriptEngine.eval(AbstractScriptEngine.java:264)\r\n\tat org.getopentest.base.TestActor.evalScript(TestActor.java:1476)\r\n\t... 11 more\r\nCaused by: <eval>:1 TypeError: Cannot read property \"DownloadApp\" from undefined\r\n\tat jdk.scripting.nashorn/jdk.nashorn.internal.runtime.ECMAErrors.error(ECMAErrors.java:57)\r\n\tat jdk.scripting.nashorn/jdk.nashorn.internal.runtime.ECMAErrors.typeError(ECMAErrors.java:213)\r\n\tat jdk.scripting.nashorn/jdk.nashorn.internal.runtime.ECMAErrors.typeError(ECMAErrors.java:185)\r\n\tat jdk.scripting.nashorn/jdk.nashorn.internal.runtime.ECMAErrors.typeError(ECMAErrors.java:172)\r\n\tat jdk.scripting.nashorn/jdk.nashorn.internal.runtime.Undefined.get(Undefined.java:161)\r\n\tat jdk.scripting.nashorn.scripts/jdk.nashorn.internal.scripts.Script$Recompilation$168$\\^eval\\_/0x00000008004a4040.:program(<eval>:1)\r\n\tat jdk.scripting.nashorn/jdk.nashorn.internal.runtime.ScriptFunctionData.invoke(ScriptFunctionData.java:655)\r\n\tat jdk.scripting.nashorn/jdk.nashorn.internal.runtime.ScriptFunction.invoke(ScriptFunction.java:513)\r\n\tat jdk.scripting.nashorn/jdk.nashorn.internal.runtime.ScriptRuntime.apply(ScriptRuntime.java:527)\r\n\tat jdk.scripting.nashorn/jdk.nashorn.api.scripting.NashornScriptEngine.evalImpl(NashornScriptEngine.java:456)\r\n\t... 16 more\r\n"},{"action":"org.getopentest.base.MacroAction","actorType":"WEB","args":{},"isCheckpoint":false,"description":"HeaderCheck","durationMs":1620,"macro":"HeaderCheck","macroStack":[],"result":"failed","segment":1,"stackTrace":"java.lang.Exception: There was an error executing macro action HeaderCheck (no arguments were provided)\r\n\tat org.getopentest.base.TestActor.executeMacroActionByName(TestActor.java:2021)\r\n\tat org.getopentest.base.TestActor.executeActionByDef(TestActor.java:1745)\r\n\tat org.getopentest.base.TestActor.executeTestSegment(TestActor.java:2092)\r\n\tat org.getopentest.base.TestActor.runOneSession(TestActor.java:3077)\r\n\tat org.getopentest.base.TestActor.runOneSession(TestActor.java:3113)\r\n\tat org.getopentest.Main.main(Main.java:20)\r\nCaused by: java.lang.RuntimeException: There was an error while executing action no. 3 (org.getopentest.selenium.AssertElementText) in macro HeaderCheck.\nThe action definition was:\n{\n  \"action\": \"org.getopentest.selenium.AssertElementText\",\n  \"args\": {\n    \"locator\": {\n      \"xpath\": \"//div[@class='cmp-title']/h1[contains(text(),'McDonald')]\"\n    },\n    \"textContains\": \"$data(\\\"Config\\\").PageHeading.DownloadApp\",\n    \"caseInsensitive\": true\n  },\n  \"description\": \"Verify the \\\"product\\\" is MacBook\"\n}\r\n\tat org.getopentest.base.TestActor.executeMacroActionByDef(TestActor.java:1973)\r\n\tat org.getopentest.base.TestActor.executeMacroActionByName(TestActor.java:2013)\r\n\t... 5 more\r\nCaused by: java.lang.NullPointerException\r\n\tat org.getopentest.base.TestActor.executeActionByDef(TestActor.java:1839)\r\n\tat org.getopentest.base.TestActor.executeMacroActionByDef(TestActor.java:1938)\r\n\t... 6 more\r\n"}],"currentIteration":1,"currentSegmentIndex":0,"isDataDriven":false,"name":"Verify Headers","path":"web","result":"failed","status":"completed","segments":[{"index":0,"result":"passed","status":"completed","timeStarted":1668420353701,"timeCompleted":1668420353716},{"index":1,"result":"failed","status":"completed","timeStarted":1668420353726,"timeCompleted":1668420362417}],"tags":[],"timeStarted":1668420353701,"timeCompleted":1668420362417}],"timeCreated":1668420348529,"timeStarted":1668420353701,"timeCompleted":1668420362418,"lastActivity":1668420362417,"_id":"wGaWnD6IyD3MP0Zt","actorTags":[],"environment":"","currentDataRecordIndex":-1}
